{"numTotalTestSuites":189,"numPassedTestSuites":183,"numFailedTestSuites":6,"numPendingTestSuites":0,"numTotalTests":315,"numPassedTests":304,"numFailedTests":3,"numPendingTests":8,"numTodoTests":0,"snapshot":{"added":0,"failure":false,"filesAdded":0,"filesRemoved":0,"filesRemovedList":[],"filesUnmatched":0,"filesUpdated":0,"matched":0,"total":0,"unchecked":0,"uncheckedKeysByFile":[],"unmatched":0,"updated":0,"didUpdate":false},"startTime":1774468661694,"success":false,"testResults":[{"assertionResults":[{"ancestorTitles":["useDebounce"],"fullName":"useDebounce возвращает начальное значение сразу","status":"passed","title":"возвращает начальное значение сразу","duration":1.1772500000079162,"failureMessages":[],"meta":{}},{"ancestorTitles":["useDebounce"],"fullName":"useDebounce не обновляет значение до истечения задержки","status":"passed","title":"не обновляет значение до истечения задержки","duration":0.5350419999886071,"failureMessages":[],"meta":{}},{"ancestorTitles":["useDebounce"],"fullName":"useDebounce обновляет значение после истечения задержки","status":"passed","title":"обновляет значение после истечения задержки","duration":0.44429200000013225,"failureMessages":[],"meta":{}},{"ancestorTitles":["useDebounce"],"fullName":"useDebounce сбрасывает таймер при каждом изменении","status":"passed","title":"сбрасывает таймер при каждом изменении","duration":0.549416999987443,"failureMessages":[],"meta":{}}],"startTime":1774468772264,"endTime":1774468772266.5493,"status":"passed","message":"","name":"/Users/leonidmolchanov/Desktop/merch-crm/__tests__/hooks/use-debounce.test.ts"},{"assertionResults":[{"ancestorTitles":["Order Actions","createOrder"],"fullName":"Order Actions createOrder должен успешно создать заказ при валидных данных","status":"passed","title":"должен успешно создать заказ при валидных данных","duration":267.8122500000002,"failureMessages":[],"meta":{}},{"ancestorTitles":["Order Actions","createOrder"],"fullName":"Order Actions createOrder должен вернуть ошибку при нехватке товара на складе","status":"passed","title":"должен вернуть ошибку при нехватке товара на складе","duration":0.5981659999997646,"failureMessages":[],"meta":{}},{"ancestorTitles":["Order Actions","createOrder"],"fullName":"Order Actions createOrder должен корректно применить промокод","status":"passed","title":"должен корректно применить промокод","duration":47.04258299999992,"failureMessages":[],"meta":{}},{"ancestorTitles":["Order Actions","updateOrderField"],"fullName":"Order Actions updateOrderField должен обновить приоритет заказа для администратора","status":"passed","title":"должен обновить приоритет заказа для администратора","duration":0.3949999999999818,"failureMessages":[],"meta":{}},{"ancestorTitles":["Order Actions","updateOrderField"],"fullName":"Order Actions updateOrderField должен отклонить запрос от роли без прав","status":"passed","title":"должен отклонить запрос от роли без прав","duration":0.14508399999976973,"failureMessages":[],"meta":{}}],"startTime":1774468663393,"endTime":1774468663709.145,"status":"passed","message":"","name":"/Users/leonidmolchanov/Desktop/merch-crm/__tests__/actions/order.actions.test.ts"},{"assertionResults":[{"ancestorTitles":["formatCurrency"],"fullName":"formatCurrency форматирует число с разделителями тысяч","status":"passed","title":"форматирует число с разделителями тысяч","duration":2.414999999993597,"failureMessages":[],"meta":{}},{"ancestorTitles":["formatCurrency"],"fullName":"formatCurrency добавляет символ валюты","status":"passed","title":"добавляет символ валюты","duration":0.1914589999942109,"failureMessages":[],"meta":{}},{"ancestorTitles":["formatCurrency"],"fullName":"formatCurrency возвращает 0 для 0","status":"passed","title":"возвращает 0 для 0","duration":0.13712499999383,"failureMessages":[],"meta":{}},{"ancestorTitles":["formatCurrency"],"fullName":"formatCurrency округляет дробные числа","status":"passed","title":"округляет дробные числа","duration":0.12287500000093132,"failureMessages":[],"meta":{}},{"ancestorTitles":["formatPhone"],"fullName":"formatPhone форматирует российский номер","status":"passed","title":"форматирует российский номер","duration":0.1708329999964917,"failureMessages":[],"meta":{}},{"ancestorTitles":["formatPhone"],"fullName":"formatPhone обрабатывает номер с +7","status":"passed","title":"обрабатывает номер с +7","duration":0.10499999999592546,"failureMessages":[],"meta":{}},{"ancestorTitles":["formatPhone"],"fullName":"formatPhone обрабатывает номер с 8","status":"passed","title":"обрабатывает номер с 8","duration":0.08687500000814907,"failureMessages":[],"meta":{}},{"ancestorTitles":["formatPhone"],"fullName":"formatPhone возвращает исходное значение если формат неизвестен","status":"passed","title":"возвращает исходное значение если формат неизвестен","duration":0.0856670000066515,"failureMessages":[],"meta":{}},{"ancestorTitles":["formatPhone"],"fullName":"formatPhone возвращает пустую строку для null","status":"passed","title":"возвращает пустую строку для null","duration":0.0806659999943804,"failureMessages":[],"meta":{}},{"ancestorTitles":["formatTimeAgo"],"fullName":"formatTimeAgo показывает \"меньше минуты назад\" для очень недавних дат","status":"passed","title":"показывает \"меньше минуты назад\" для очень недавних дат","duration":0.3613750000076834,"failureMessages":[],"meta":{}},{"ancestorTitles":["formatTimeAgo"],"fullName":"formatTimeAgo показывает минуты","status":"passed","title":"показывает минуты","duration":0.11920800000370946,"failureMessages":[],"meta":{}},{"ancestorTitles":["formatTimeAgo"],"fullName":"formatTimeAgo показывает часы","status":"passed","title":"показывает часы","duration":0.10087499998917338,"failureMessages":[],"meta":{}},{"ancestorTitles":["formatTimeAgo"],"fullName":"formatTimeAgo показывает дни","status":"passed","title":"показывает дни","duration":0.11433400001260452,"failureMessages":[],"meta":{}},{"ancestorTitles":["truncate"],"fullName":"truncate обрезает длинную строку","status":"passed","title":"обрезает длинную строку","duration":0.11716700000397395,"failureMessages":[],"meta":{}},{"ancestorTitles":["truncate"],"fullName":"truncate не обрезает короткую строку","status":"passed","title":"не обрезает короткую строку","duration":0.1198749999894062,"failureMessages":[],"meta":{}},{"ancestorTitles":["truncate"],"fullName":"truncate использует кастомный suffix","status":"passed","title":"использует кастомный suffix","duration":0.10241599999426398,"failureMessages":[],"meta":{}}],"startTime":1774468771340,"endTime":1774468771344.1199,"status":"passed","message":"","name":"/Users/leonidmolchanov/Desktop/merch-crm/__tests__/lib/formatters.test.ts"},{"assertionResults":[{"ancestorTitles":["validatePromocode"],"fullName":"validatePromocode возвращает успех для валидного промокода","status":"passed","title":"возвращает успех для валидного промокода","duration":1.22866600000998,"failureMessages":[],"meta":{}},{"ancestorTitles":["validatePromocode"],"fullName":"validatePromocode возвращает ошибку для неактивного промокода","status":"passed","title":"возвращает ошибку для неактивного промокода","duration":0.2792919999919832,"failureMessages":[],"meta":{}},{"ancestorTitles":["validatePromocode"],"fullName":"validatePromocode возвращает ошибку для истёкшего промокода","status":"passed","title":"возвращает ошибку для истёкшего промокода","duration":0.1521669999929145,"failureMessages":[],"meta":{}},{"ancestorTitles":["validatePromocode"],"fullName":"validatePromocode возвращает ошибку при нехватке суммы заказа","status":"passed","title":"возвращает ошибку при нехватке суммы заказа","duration":0.16866599999775644,"failureMessages":[],"meta":{}},{"ancestorTitles":["validatePromocode"],"fullName":"validatePromocode ограничивает скидку максимумом","status":"passed","title":"ограничивает скидку максимумом","duration":0.17454199999338016,"failureMessages":[],"meta":{}},{"ancestorTitles":["validatePromocode"],"fullName":"validatePromocode рассчитывает фиксированную скидку","status":"passed","title":"рассчитывает фиксированную скидку","duration":0.7329579999932321,"failureMessages":[],"meta":{}}],"startTime":1774468771154,"endTime":1774468771156.733,"status":"passed","message":"","name":"/Users/leonidmolchanov/Desktop/merch-crm/__tests__/lib/promocodes.test.ts"},{"assertionResults":[{"ancestorTitles":["RATE_LIMITS","структура конфига"],"fullName":"RATE_LIMITS структура конфига должен содержать конфиг для \"login\"","status":"passed","title":"должен содержать конфиг для \"login\"","duration":0.40045899999995527,"failureMessages":[],"meta":{}},{"ancestorTitles":["RATE_LIMITS","структура конфига"],"fullName":"RATE_LIMITS структура конфига должен содержать конфиг для \"register\"","status":"passed","title":"должен содержать конфиг для \"register\"","duration":0.2117089999997006,"failureMessages":[],"meta":{}},{"ancestorTitles":["RATE_LIMITS","структура конфига"],"fullName":"RATE_LIMITS структура конфига должен содержать конфиг для \"passwordReset\"","status":"passed","title":"должен содержать конфиг для \"passwordReset\"","duration":0.10308299999996962,"failureMessages":[],"meta":{}},{"ancestorTitles":["RATE_LIMITS","структура конфига"],"fullName":"RATE_LIMITS структура конфига должен содержать конфиг для \"api\"","status":"passed","title":"должен содержать конфиг для \"api\"","duration":0.08983399999988251,"failureMessages":[],"meta":{}},{"ancestorTitles":["RATE_LIMITS","структура конфига"],"fullName":"RATE_LIMITS структура конфига должен содержать конфиг для \"upload\"","status":"passed","title":"должен содержать конфиг для \"upload\"","duration":0.08975000000009459,"failureMessages":[],"meta":{}},{"ancestorTitles":["RATE_LIMITS","структура конфига"],"fullName":"RATE_LIMITS структура конфига должен содержать конфиг для \"search\"","status":"passed","title":"должен содержать конфиг для \"search\"","duration":0.08500000000003638,"failureMessages":[],"meta":{}},{"ancestorTitles":["RATE_LIMITS","структура конфига"],"fullName":"RATE_LIMITS структура конфига конфиг \"login\" должен содержать limit, windowSec, message","status":"passed","title":"конфиг \"login\" должен содержать limit, windowSec, message","duration":0.2080839999998716,"failureMessages":[],"meta":{}},{"ancestorTitles":["RATE_LIMITS","структура конфига"],"fullName":"RATE_LIMITS структура конфига конфиг \"register\" должен содержать limit, windowSec, message","status":"passed","title":"конфиг \"register\" должен содержать limit, windowSec, message","duration":0.078125,"failureMessages":[],"meta":{}},{"ancestorTitles":["RATE_LIMITS","структура конфига"],"fullName":"RATE_LIMITS структура конфига конфиг \"passwordReset\" должен содержать limit, windowSec, message","status":"passed","title":"конфиг \"passwordReset\" должен содержать limit, windowSec, message","duration":0.067290999999841,"failureMessages":[],"meta":{}},{"ancestorTitles":["RATE_LIMITS","структура конфига"],"fullName":"RATE_LIMITS структура конфига конфиг \"api\" должен содержать limit, windowSec, message","status":"passed","title":"конфиг \"api\" должен содержать limit, windowSec, message","duration":0.05541700000003402,"failureMessages":[],"meta":{}},{"ancestorTitles":["RATE_LIMITS","структура конфига"],"fullName":"RATE_LIMITS структура конфига конфиг \"upload\" должен содержать limit, windowSec, message","status":"passed","title":"конфиг \"upload\" должен содержать limit, windowSec, message","duration":0.05466599999999744,"failureMessages":[],"meta":{}},{"ancestorTitles":["RATE_LIMITS","структура конфига"],"fullName":"RATE_LIMITS структура конфига конфиг \"search\" должен содержать limit, windowSec, message","status":"passed","title":"конфиг \"search\" должен содержать limit, windowSec, message","duration":0.050041999999848485,"failureMessages":[],"meta":{}},{"ancestorTitles":["RATE_LIMITS","структура конфига"],"fullName":"RATE_LIMITS структура конфига limit для \"login\" должен быть положительным числом","status":"passed","title":"limit для \"login\" должен быть положительным числом","duration":0.06162499999982174,"failureMessages":[],"meta":{}},{"ancestorTitles":["RATE_LIMITS","структура конфига"],"fullName":"RATE_LIMITS структура конфига limit для \"register\" должен быть положительным числом","status":"passed","title":"limit для \"register\" должен быть положительным числом","duration":0.04025000000001455,"failureMessages":[],"meta":{}},{"ancestorTitles":["RATE_LIMITS","структура конфига"],"fullName":"RATE_LIMITS структура конфига limit для \"passwordReset\" должен быть положительным числом","status":"passed","title":"limit для \"passwordReset\" должен быть положительным числом","duration":0.0375000000003638,"failureMessages":[],"meta":{}},{"ancestorTitles":["RATE_LIMITS","структура конфига"],"fullName":"RATE_LIMITS структура конфига limit для \"api\" должен быть положительным числом","status":"passed","title":"limit для \"api\" должен быть положительным числом","duration":0.05508299999974042,"failureMessages":[],"meta":{}},{"ancestorTitles":["RATE_LIMITS","структура конфига"],"fullName":"RATE_LIMITS структура конфига limit для \"upload\" должен быть положительным числом","status":"passed","title":"limit для \"upload\" должен быть положительным числом","duration":0.06558399999994435,"failureMessages":[],"meta":{}},{"ancestorTitles":["RATE_LIMITS","структура конфига"],"fullName":"RATE_LIMITS структура конфига limit для \"search\" должен быть положительным числом","status":"passed","title":"limit для \"search\" должен быть положительным числом","duration":0.041917000000012195,"failureMessages":[],"meta":{}},{"ancestorTitles":["RATE_LIMITS","структура конфига"],"fullName":"RATE_LIMITS структура конфига windowSec для \"login\" должен быть положительным числом","status":"passed","title":"windowSec для \"login\" должен быть положительным числом","duration":0.0629159999998592,"failureMessages":[],"meta":{}},{"ancestorTitles":["RATE_LIMITS","структура конфига"],"fullName":"RATE_LIMITS структура конфига windowSec для \"register\" должен быть положительным числом","status":"passed","title":"windowSec для \"register\" должен быть положительным числом","duration":0.04141699999991033,"failureMessages":[],"meta":{}},{"ancestorTitles":["RATE_LIMITS","структура конфига"],"fullName":"RATE_LIMITS структура конфига windowSec для \"passwordReset\" должен быть положительным числом","status":"passed","title":"windowSec для \"passwordReset\" должен быть положительным числом","duration":0.04054099999984828,"failureMessages":[],"meta":{}},{"ancestorTitles":["RATE_LIMITS","структура конфига"],"fullName":"RATE_LIMITS структура конфига windowSec для \"api\" должен быть положительным числом","status":"passed","title":"windowSec для \"api\" должен быть положительным числом","duration":0.04133300000012241,"failureMessages":[],"meta":{}},{"ancestorTitles":["RATE_LIMITS","структура конфига"],"fullName":"RATE_LIMITS структура конфига windowSec для \"upload\" должен быть положительным числом","status":"passed","title":"windowSec для \"upload\" должен быть положительным числом","duration":0.04212499999994179,"failureMessages":[],"meta":{}},{"ancestorTitles":["RATE_LIMITS","структура конфига"],"fullName":"RATE_LIMITS структура конфига windowSec для \"search\" должен быть положительным числом","status":"passed","title":"windowSec для \"search\" должен быть положительным числом","duration":0.04320800000004965,"failureMessages":[],"meta":{}},{"ancestorTitles":["RATE_LIMITS","структура конфига"],"fullName":"RATE_LIMITS структура конфига message для \"login\" не должен быть пустой строкой","status":"passed","title":"message для \"login\" не должен быть пустой строкой","duration":0.06220900000016627,"failureMessages":[],"meta":{}},{"ancestorTitles":["RATE_LIMITS","структура конфига"],"fullName":"RATE_LIMITS структура конфига message для \"register\" не должен быть пустой строкой","status":"passed","title":"message для \"register\" не должен быть пустой строкой","duration":0.04883299999983137,"failureMessages":[],"meta":{}},{"ancestorTitles":["RATE_LIMITS","структура конфига"],"fullName":"RATE_LIMITS структура конфига message для \"passwordReset\" не должен быть пустой строкой","status":"passed","title":"message для \"passwordReset\" не должен быть пустой строкой","duration":0.04458299999987503,"failureMessages":[],"meta":{}},{"ancestorTitles":["RATE_LIMITS","структура конфига"],"fullName":"RATE_LIMITS структура конфига message для \"api\" не должен быть пустой строкой","status":"passed","title":"message для \"api\" не должен быть пустой строкой","duration":0.04387499999984357,"failureMessages":[],"meta":{}},{"ancestorTitles":["RATE_LIMITS","структура конфига"],"fullName":"RATE_LIMITS структура конфига message для \"upload\" не должен быть пустой строкой","status":"passed","title":"message для \"upload\" не должен быть пустой строкой","duration":0.04300000000012005,"failureMessages":[],"meta":{}},{"ancestorTitles":["RATE_LIMITS","структура конфига"],"fullName":"RATE_LIMITS структура конфига message для \"search\" не должен быть пустой строкой","status":"passed","title":"message для \"search\" не должен быть пустой строкой","duration":0.04504099999985556,"failureMessages":[],"meta":{}},{"ancestorTitles":["RATE_LIMITS","конкретные значения лимитов","login"],"fullName":"RATE_LIMITS конкретные значения лимитов login лимит = 5 попыток","status":"passed","title":"лимит = 5 попыток","duration":0.06320899999991525,"failureMessages":[],"meta":{}},{"ancestorTitles":["RATE_LIMITS","конкретные значения лимитов","login"],"fullName":"RATE_LIMITS конкретные значения лимитов login окно = 15 минут (900 секунд)","status":"passed","title":"окно = 15 минут (900 секунд)","duration":0.05724999999983993,"failureMessages":[],"meta":{}},{"ancestorTitles":["RATE_LIMITS","конкретные значения лимитов","login"],"fullName":"RATE_LIMITS конкретные значения лимитов login сообщение упоминает ожидание","status":"passed","title":"сообщение упоминает ожидание","duration":0.09537499999987631,"failureMessages":[],"meta":{}},{"ancestorTitles":["RATE_LIMITS","конкретные значения лимитов","register"],"fullName":"RATE_LIMITS конкретные значения лимитов register лимит = 3 попытки","status":"passed","title":"лимит = 3 попытки","duration":0.18437500000027285,"failureMessages":[],"meta":{}},{"ancestorTitles":["RATE_LIMITS","конкретные значения лимитов","register"],"fullName":"RATE_LIMITS конкретные значения лимитов register окно = 1 час (3600 секунд)","status":"passed","title":"окно = 1 час (3600 секунд)","duration":0.06358300000010786,"failureMessages":[],"meta":{}},{"ancestorTitles":["RATE_LIMITS","конкретные значения лимитов","passwordReset"],"fullName":"RATE_LIMITS конкретные значения лимитов passwordReset лимит = 3 запроса","status":"passed","title":"лимит = 3 запроса","duration":0.05966699999999037,"failureMessages":[],"meta":{}},{"ancestorTitles":["RATE_LIMITS","конкретные значения лимитов","passwordReset"],"fullName":"RATE_LIMITS конкретные значения лимитов passwordReset окно = 1 час (3600 секунд)","status":"passed","title":"окно = 1 час (3600 секунд)","duration":0.05508400000007896,"failureMessages":[],"meta":{}},{"ancestorTitles":["RATE_LIMITS","конкретные значения лимитов","passwordReset"],"fullName":"RATE_LIMITS конкретные значения лимитов passwordReset лимит passwordReset строже или равен лимиту login","status":"passed","title":"лимит passwordReset строже или равен лимиту login","duration":0.09149999999999636,"failureMessages":[],"meta":{}},{"ancestorTitles":["RATE_LIMITS","конкретные значения лимитов","passwordReset"],"fullName":"RATE_LIMITS конкретные значения лимитов passwordReset окно passwordReset шире окна login (более строгое)","status":"passed","title":"окно passwordReset шире окна login (более строгое)","duration":0.05154099999981554,"failureMessages":[],"meta":{}},{"ancestorTitles":["RATE_LIMITS","конкретные значения лимитов","api"],"fullName":"RATE_LIMITS конкретные значения лимитов api лимит = 100 запросов","status":"passed","title":"лимит = 100 запросов","duration":0.044707999999900494,"failureMessages":[],"meta":{}},{"ancestorTitles":["RATE_LIMITS","конкретные значения лимитов","api"],"fullName":"RATE_LIMITS конкретные значения лимитов api окно = 1 минута (60 секунд)","status":"passed","title":"окно = 1 минута (60 секунд)","duration":0.05679099999997561,"failureMessages":[],"meta":{}},{"ancestorTitles":["RATE_LIMITS","конкретные значения лимитов","api"],"fullName":"RATE_LIMITS конкретные значения лимитов api лимит API больше лимита auth-эндпоинтов","status":"passed","title":"лимит API больше лимита auth-эндпоинтов","duration":0.06550000000015643,"failureMessages":[],"meta":{}},{"ancestorTitles":["RATE_LIMITS","конкретные значения лимитов","upload"],"fullName":"RATE_LIMITS конкретные значения лимитов upload лимит = 20 запросов","status":"passed","title":"лимит = 20 запросов","duration":0.04579199999989214,"failureMessages":[],"meta":{}},{"ancestorTitles":["RATE_LIMITS","конкретные значения лимитов","upload"],"fullName":"RATE_LIMITS конкретные значения лимитов upload окно = 1 минута","status":"passed","title":"окно = 1 минута","duration":0.043083000000024185,"failureMessages":[],"meta":{}},{"ancestorTitles":["RATE_LIMITS","конкретные значения лимитов","search"],"fullName":"RATE_LIMITS конкретные значения лимитов search лимит = 30 запросов","status":"passed","title":"лимит = 30 запросов","duration":0.0435419999998885,"failureMessages":[],"meta":{}},{"ancestorTitles":["RATE_LIMITS","конкретные значения лимитов","search"],"fullName":"RATE_LIMITS конкретные значения лимитов search окно = 1 минута","status":"passed","title":"окно = 1 минута","duration":0.04258399999980611,"failureMessages":[],"meta":{}},{"ancestorTitles":["RATE_LIMITS","иерархия безопасности"],"fullName":"RATE_LIMITS иерархия безопасности auth-лимиты строже API-лимита (по limit)","status":"passed","title":"auth-лимиты строже API-лимита (по limit)","duration":0.07120799999984229,"failureMessages":[],"meta":{}},{"ancestorTitles":["RATE_LIMITS","иерархия безопасности"],"fullName":"RATE_LIMITS иерархия безопасности passwordReset имеет наибольшее окно среди auth-лимитов","status":"passed","title":"passwordReset имеет наибольшее окно среди auth-лимитов","duration":0.05774999999994179,"failureMessages":[],"meta":{}},{"ancestorTitles":["RATE_LIMITS","иерархия безопасности"],"fullName":"RATE_LIMITS иерархия безопасности все windowSec — целые числа","status":"passed","title":"все windowSec — целые числа","duration":0.11616599999979371,"failureMessages":[],"meta":{}},{"ancestorTitles":["RATE_LIMITS","иерархия безопасности"],"fullName":"RATE_LIMITS иерархия безопасности все limit — целые числа","status":"passed","title":"все limit — целые числа","duration":0.09866599999986647,"failureMessages":[],"meta":{}}],"startTime":1774468664836,"endTime":1774468664840.0986,"status":"passed","message":"","name":"/Users/leonidmolchanov/Desktop/merch-crm/lib/__tests__/rate-limit-config.test.ts"},{"assertionResults":[{"ancestorTitles":["rateLimit()","первый запрос (ключ ещё не существует)"],"fullName":"rateLimit() первый запрос (ключ ещё не существует) должен вернуть success=true при первом запросе","status":"passed","title":"должен вернуть success=true при первом запросе","duration":1.6032920000000104,"failureMessages":[],"meta":{}},{"ancestorTitles":["rateLimit()","первый запрос (ключ ещё не существует)"],"fullName":"rateLimit() первый запрос (ключ ещё не существует) должен установить TTL через redis.expire при ttl=-1","status":"passed","title":"должен установить TTL через redis.expire при ttl=-1","duration":1.852999999999838,"failureMessages":[],"meta":{}},{"ancestorTitles":["rateLimit()","первый запрос (ключ ещё не существует)"],"fullName":"rateLimit() первый запрос (ключ ещё не существует) должен вернуть resetIn = windowSec при первом запросе","status":"passed","title":"должен вернуть resetIn = windowSec при первом запросе","duration":0.12279100000000653,"failureMessages":[],"meta":{}},{"ancestorTitles":["rateLimit()","первый запрос (ключ ещё не существует)"],"fullName":"rateLimit() первый запрос (ключ ещё не существует) должен вернуть remaining = limit - 1 при первом запросе","status":"passed","title":"должен вернуть remaining = limit - 1 при первом запросе","duration":0.10512500000004366,"failureMessages":[],"meta":{}},{"ancestorTitles":["rateLimit()","промежуточные запросы (TTL уже установлен)"],"fullName":"rateLimit() промежуточные запросы (TTL уже установлен) НЕ должен вызывать expire если ttl > 0","status":"passed","title":"НЕ должен вызывать expire если ttl > 0","duration":0.15037499999993997,"failureMessages":[],"meta":{}},{"ancestorTitles":["rateLimit()","промежуточные запросы (TTL уже установлен)"],"fullName":"rateLimit() промежуточные запросы (TTL уже установлен) должен уменьшать remaining с каждым запросом","status":"passed","title":"должен уменьшать remaining с каждым запросом","duration":0.10762499999987085,"failureMessages":[],"meta":{}},{"ancestorTitles":["rateLimit()","промежуточные запросы (TTL уже установлен)"],"fullName":"rateLimit() промежуточные запросы (TTL уже установлен) должен возвращать актуальный resetIn из TTL","status":"passed","title":"должен возвращать актуальный resetIn из TTL","duration":0.0989590000001499,"failureMessages":[],"meta":{}},{"ancestorTitles":["rateLimit()","граничные значения лимита"],"fullName":"rateLimit() граничные значения лимита должен вернуть success=true ровно на лимите (current === limit)","status":"passed","title":"должен вернуть success=true ровно на лимите (current === limit)","duration":0.10275000000001455,"failureMessages":[],"meta":{}},{"ancestorTitles":["rateLimit()","граничные значения лимита"],"fullName":"rateLimit() граничные значения лимита должен вернуть success=false при превышении лимита (current > limit)","status":"passed","title":"должен вернуть success=false при превышении лимита (current > limit)","duration":0.109958000000006,"failureMessages":[],"meta":{}},{"ancestorTitles":["rateLimit()","граничные значения лимита"],"fullName":"rateLimit() граничные значения лимита remaining никогда не должен быть отрицательным","status":"passed","title":"remaining никогда не должен быть отрицательным","duration":0.14225000000010368,"failureMessages":[],"meta":{}},{"ancestorTitles":["rateLimit()","граничные значения лимита"],"fullName":"rateLimit() граничные значения лимита должен вернуть success=true при count=1 с лимитом=1","status":"passed","title":"должен вернуть success=true при count=1 с лимитом=1","duration":0.09683399999994435,"failureMessages":[],"meta":{}},{"ancestorTitles":["rateLimit()","граничные значения лимита"],"fullName":"rateLimit() граничные значения лимита должен вернуть success=false при count=2 с лимитом=1","status":"passed","title":"должен вернуть success=false при count=2 с лимитом=1","duration":0.0755829999998241,"failureMessages":[],"meta":{}},{"ancestorTitles":["rateLimit()","отказоустойчивость (Redis недоступен)"],"fullName":"rateLimit() отказоустойчивость (Redis недоступен) должен вернуть success=true если exec() возвращает null","status":"passed","title":"должен вернуть success=true если exec() возвращает null","duration":0.08429200000000492,"failureMessages":[],"meta":{}},{"ancestorTitles":["rateLimit()","отказоустойчивость (Redis недоступен)"],"fullName":"rateLimit() отказоустойчивость (Redis недоступен) должен вернуть remaining=limit если exec() возвращает null","status":"passed","title":"должен вернуть remaining=limit если exec() возвращает null","duration":0.06691599999999198,"failureMessages":[],"meta":{}},{"ancestorTitles":["rateLimit()","отказоустойчивость (Redis недоступен)"],"fullName":"rateLimit() отказоустойчивость (Redis недоступен) должен вернуть resetIn=0 если exec() возвращает null","status":"passed","title":"должен вернуть resetIn=0 если exec() возвращает null","duration":0.08399999999983265,"failureMessages":[],"meta":{}},{"ancestorTitles":["rateLimit()","формат ключей Redis"],"fullName":"rateLimit() формат ключей Redis должен использовать префикс ratelimit: для ключа","status":"passed","title":"должен использовать префикс ratelimit: для ключа","duration":0.15154200000006313,"failureMessages":[],"meta":{}},{"ancestorTitles":["rateLimit()","формат ключей Redis"],"fullName":"rateLimit() формат ключей Redis должен использовать тот же prefixed-ключ для ttl","status":"passed","title":"должен использовать тот же prefixed-ключ для ttl","duration":0.12266700000009223,"failureMessages":[],"meta":{}},{"ancestorTitles":["rateLimit()","формат ключей Redis"],"fullName":"rateLimit() формат ключей Redis должен вызывать redis.multi() для атомарной операции","status":"passed","title":"должен вызывать redis.multi() для атомарной операции","duration":0.06850000000008549,"failureMessages":[],"meta":{}},{"ancestorTitles":["rateLimit()","Dev bypass (DISABLE_RATE_LIMIT=true)"],"fullName":"rateLimit() Dev bypass (DISABLE_RATE_LIMIT=true) должен пропускать все запросы при DISABLE_RATE_LIMIT=true","status":"passed","title":"должен пропускать все запросы при DISABLE_RATE_LIMIT=true","duration":0.07895900000016809,"failureMessages":[],"meta":{}},{"ancestorTitles":["rateLimit()","Dev bypass (DISABLE_RATE_LIMIT=true)"],"fullName":"rateLimit() Dev bypass (DISABLE_RATE_LIMIT=true) должен вернуть remaining=limit при DISABLE_RATE_LIMIT=true","status":"passed","title":"должен вернуть remaining=limit при DISABLE_RATE_LIMIT=true","duration":0.056166999999959444,"failureMessages":[],"meta":{}},{"ancestorTitles":["rateLimit()","Dev bypass (DISABLE_RATE_LIMIT=true)"],"fullName":"rateLimit() Dev bypass (DISABLE_RATE_LIMIT=true) НЕ должен обращаться к Redis при DISABLE_RATE_LIMIT=true","status":"passed","title":"НЕ должен обращаться к Redis при DISABLE_RATE_LIMIT=true","duration":0.07287499999983993,"failureMessages":[],"meta":{}},{"ancestorTitles":["rateLimit()","Dev bypass (DISABLE_RATE_LIMIT=true)"],"fullName":"rateLimit() Dev bypass (DISABLE_RATE_LIMIT=true) НЕ должен обходить лимит если DISABLE_RATE_LIMIT не задан","status":"passed","title":"НЕ должен обходить лимит если DISABLE_RATE_LIMIT не задан","duration":0.09625000000005457,"failureMessages":[],"meta":{}},{"ancestorTitles":["rateLimit()","разные конфигурации лимитов"],"fullName":"rateLimit() разные конфигурации лимитов корректно работает с лимитом passwordReset (3 req / 3600s)","status":"passed","title":"корректно работает с лимитом passwordReset (3 req / 3600s)","duration":0.12070799999992232,"failureMessages":[],"meta":{}},{"ancestorTitles":["rateLimit()","разные конфигурации лимитов"],"fullName":"rateLimit() разные конфигурации лимитов корректно блокирует при превышении passwordReset","status":"passed","title":"корректно блокирует при превышении passwordReset","duration":0.07395900000005895,"failureMessages":[],"meta":{}},{"ancestorTitles":["rateLimit()","разные конфигурации лимитов"],"fullName":"rateLimit() разные конфигурации лимитов корректно работает с лимитом login (5 req / 900s)","status":"passed","title":"корректно работает с лимитом login (5 req / 900s)","duration":0.06874999999990905,"failureMessages":[],"meta":{}},{"ancestorTitles":["rateLimit()","разные конфигурации лимитов"],"fullName":"rateLimit() разные конфигурации лимитов корректно работает с большим лимитом API (100 req / 60s)","status":"passed","title":"корректно работает с большим лимитом API (100 req / 60s)","duration":0.06558300000006057,"failureMessages":[],"meta":{}},{"ancestorTitles":["resetRateLimit()"],"fullName":"resetRateLimit() должен вызывать redis.del с корректным prefixed-ключом","status":"passed","title":"должен вызывать redis.del с корректным prefixed-ключом","duration":0.13266599999997197,"failureMessages":[],"meta":{}},{"ancestorTitles":["resetRateLimit()"],"fullName":"resetRateLimit() должен добавлять префикс ratelimit: к любому ключу","status":"passed","title":"должен добавлять префикс ratelimit: к любому ключу","duration":0.14866700000015953,"failureMessages":[],"meta":{}},{"ancestorTitles":["resetRateLimit()"],"fullName":"resetRateLimit() должен работать для ключей сброса пароля","status":"passed","title":"должен работать для ключей сброса пароля","duration":0.09729199999992488,"failureMessages":[],"meta":{}},{"ancestorTitles":["resetRateLimit()"],"fullName":"resetRateLimit() должен работать для ключей по IP","status":"passed","title":"должен работать для ключей по IP","duration":0.07620799999995143,"failureMessages":[],"meta":{}},{"ancestorTitles":["resetRateLimit()"],"fullName":"resetRateLimit() должен разрешать параллельные вызовы для разных ключей","status":"passed","title":"должен разрешать параллельные вызовы для разных ключей","duration":0.06866700000000492,"failureMessages":[],"meta":{}},{"ancestorTitles":["getClientIP()"],"fullName":"getClientIP() должен возвращать IP из заголовка x-forwarded-for","status":"passed","title":"должен возвращать IP из заголовка x-forwarded-for","duration":1.925166999999874,"failureMessages":[],"meta":{}},{"ancestorTitles":["getClientIP()"],"fullName":"getClientIP() должен возвращать ПЕРВЫЙ IP из списка x-forwarded-for","status":"passed","title":"должен возвращать ПЕРВЫЙ IP из списка x-forwarded-for","duration":0.461084000000028,"failureMessages":[],"meta":{}},{"ancestorTitles":["getClientIP()"],"fullName":"getClientIP() должен обрезать пробелы из x-forwarded-for","status":"passed","title":"должен обрезать пробелы из x-forwarded-for","duration":0.2641670000000431,"failureMessages":[],"meta":{}},{"ancestorTitles":["getClientIP()"],"fullName":"getClientIP() должен использовать x-real-ip если x-forwarded-for отсутствует","status":"passed","title":"должен использовать x-real-ip если x-forwarded-for отсутствует","duration":1.7495410000001357,"failureMessages":[],"meta":{}},{"ancestorTitles":["getClientIP()"],"fullName":"getClientIP() должен отдавать приоритет x-forwarded-for над x-real-ip","status":"passed","title":"должен отдавать приоритет x-forwarded-for над x-real-ip","duration":0.5376660000001721,"failureMessages":[],"meta":{}},{"ancestorTitles":["getClientIP()"],"fullName":"getClientIP() должен возвращать \"unknown\" если нет ни одного заголовка","status":"passed","title":"должен возвращать \"unknown\" если нет ни одного заголовка","duration":0.16887500000007094,"failureMessages":[],"meta":{}},{"ancestorTitles":["getClientIP()"],"fullName":"getClientIP() должен возвращать \"unknown\" если заголовки пустые строки","status":"passed","title":"должен возвращать \"unknown\" если заголовки пустые строки","duration":0.16562499999986358,"failureMessages":[],"meta":{}},{"ancestorTitles":["getClientIP()"],"fullName":"getClientIP() должен корректно обрабатывать IPv6-адреса","status":"passed","title":"должен корректно обрабатывать IPv6-адреса","duration":0.17804200000000492,"failureMessages":[],"meta":{}},{"ancestorTitles":["getClientIP()"],"fullName":"getClientIP() должен корректно обрабатывать IPv6 в списке адресов","status":"passed","title":"должен корректно обрабатывать IPv6 в списке адресов","duration":0.19845799999984592,"failureMessages":[],"meta":{}}],"startTime":1774468662747,"endTime":1774468662760.1985,"status":"passed","message":"","name":"/Users/leonidmolchanov/Desktop/merch-crm/lib/__tests__/rate-limit.test.ts"},{"assertionResults":[{"ancestorTitles":["test-actions script"],"fullName":"test-actions script should be importable without immediate failure","status":"passed","title":"should be importable without immediate failure","duration":0.7359579999902053,"failureMessages":[],"meta":{}}],"startTime":1774468772371,"endTime":1774468772371.7358,"status":"passed","message":"","name":"/Users/leonidmolchanov/Desktop/merch-crm/scripts/__tests__/test-actions.test.ts"},{"assertionResults":[{"ancestorTitles":["CSRF","generateCsrfToken()"],"fullName":"CSRF generateCsrfToken() должен генерировать токен в правильном формате","status":"passed","title":"должен генерировать токен в правильном формате","duration":1.0425409999879776,"failureMessages":[],"meta":{}},{"ancestorTitles":["CSRF","generateCsrfToken()"],"fullName":"CSRF generateCsrfToken() должен генерировать уникальные токены","status":"passed","title":"должен генерировать уникальные токены","duration":0.17958299999008887,"failureMessages":[],"meta":{}},{"ancestorTitles":["CSRF","validateCsrfToken()"],"fullName":"CSRF validateCsrfToken() должен валидировать корректный токен","status":"passed","title":"должен валидировать корректный токен","duration":0.1925000000046566,"failureMessages":[],"meta":{}},{"ancestorTitles":["CSRF","validateCsrfToken()"],"fullName":"CSRF validateCsrfToken() должен отклонять пустой токен","status":"passed","title":"должен отклонять пустой токен","duration":0.11166700000467245,"failureMessages":[],"meta":{}},{"ancestorTitles":["CSRF","validateCsrfToken()"],"fullName":"CSRF validateCsrfToken() должен отклонять токен с неверной подписью","status":"passed","title":"должен отклонять токен с неверной подписью","duration":0.16145899999537505,"failureMessages":[],"meta":{}},{"ancestorTitles":["CSRF","validateCsrfToken()"],"fullName":"CSRF validateCsrfToken() должен отклонять истёкший токен","status":"passed","title":"должен отклонять истёкший токен","duration":0.10087500000372529,"failureMessages":[],"meta":{}}],"startTime":1774468772278,"endTime":1774468772280.1924,"status":"passed","message":"","name":"/Users/leonidmolchanov/Desktop/merch-crm/__tests__/unit/lib/csrf.test.ts"},{"assertionResults":[{"ancestorTitles":["formatters","formatCurrency()"],"fullName":"formatters formatCurrency() должен форматировать рубли","status":"passed","title":"должен форматировать рубли","duration":1.0415830000129063,"failureMessages":[],"meta":{}},{"ancestorTitles":["formatters","formatCurrency()"],"fullName":"formatters formatCurrency() должен обрабатывать отрицательные значения","status":"passed","title":"должен обрабатывать отрицательные значения","duration":0.22158299999136943,"failureMessages":[],"meta":{}},{"ancestorTitles":["formatters","formatCurrency()"],"fullName":"formatters formatCurrency() должен обрабатывать строки","status":"passed","title":"должен обрабатывать строки","duration":0.17212499999732245,"failureMessages":[],"meta":{}},{"ancestorTitles":["formatters","formatPhone()"],"fullName":"formatters formatPhone() должен форматировать российский номер","status":"passed","title":"должен форматировать российский номер","duration":0.12099999999918509,"failureMessages":[],"meta":{}},{"ancestorTitles":["formatters","formatPhone()"],"fullName":"formatters formatPhone() должен возвращать исходное значение для некорректного номера","status":"passed","title":"должен возвращать исходное значение для некорректного номера","duration":0.10991699999431148,"failureMessages":[],"meta":{}},{"ancestorTitles":["formatters","formatDate()"],"fullName":"formatters formatDate() должен форматировать дату на русском","status":"passed","title":"должен форматировать дату на русском","duration":0.2440409999981057,"failureMessages":[],"meta":{}},{"ancestorTitles":["formatters","formatDate()"],"fullName":"formatters formatDate() должен форматировать дату с явным форматом","status":"passed","title":"должен форматировать дату с явным форматом","duration":0.12841699999989942,"failureMessages":[],"meta":{}},{"ancestorTitles":["formatters","formatDate()"],"fullName":"formatters formatDate() должен обрабатывать строковые даты","status":"passed","title":"должен обрабатывать строковые даты","duration":0.14608299999963492,"failureMessages":[],"meta":{}}],"startTime":1774468772113,"endTime":1774468772116.146,"status":"passed","message":"","name":"/Users/leonidmolchanov/Desktop/merch-crm/__tests__/unit/lib/formatters.test.ts"},{"assertionResults":[{"ancestorTitles":["pluralize","pluralize()"],"fullName":"pluralize pluralize() должен склонять слово 'заказ' правильно","status":"passed","title":"должен склонять слово 'заказ' правильно","duration":0.6856249999982538,"failureMessages":[],"meta":{}},{"ancestorTitles":["pluralize","pluralize()"],"fullName":"pluralize pluralize() должен склонять слово 'клиент' правильно","status":"passed","title":"должен склонять слово 'клиент' правильно","duration":0.13891599999624304,"failureMessages":[],"meta":{}},{"ancestorTitles":["pluralize","pluralize()"],"fullName":"pluralize pluralize() должен обрабатывать ноль","status":"passed","title":"должен обрабатывать ноль","duration":0.10312500000873115,"failureMessages":[],"meta":{}},{"ancestorTitles":["pluralize","sentence()"],"fullName":"pluralize sentence() должен формировать полное предложение","status":"passed","title":"должен формировать полное предложение","duration":0.13749999999708962,"failureMessages":[],"meta":{}}],"startTime":1774468772272,"endTime":1774468772273.139,"status":"passed","message":"","name":"/Users/leonidmolchanov/Desktop/merch-crm/__tests__/unit/lib/pluralize.test.ts"},{"assertionResults":[{"ancestorTitles":["Orders Service","getOrders()"],"fullName":"Orders Service getOrders() должен возвращать пустой список если заказов нет","status":"skipped","title":"должен возвращать пустой список если заказов нет","failureMessages":[],"meta":{}},{"ancestorTitles":["Orders Service","getOrders()"],"fullName":"Orders Service getOrders() должен возвращать заказы с пагинацией","status":"skipped","title":"должен возвращать заказы с пагинацией","failureMessages":[],"meta":{}},{"ancestorTitles":["Orders Service","getOrders()"],"fullName":"Orders Service getOrders() должен фильтровать по статусу","status":"skipped","title":"должен фильтровать по статусу","failureMessages":[],"meta":{}},{"ancestorTitles":["Orders Service","getOrders()"],"fullName":"Orders Service getOrders() должен загружать связанные данные без N+1","status":"skipped","title":"должен загружать связанные данные без N+1","failureMessages":[],"meta":{}},{"ancestorTitles":["Orders Service","createOrder()"],"fullName":"Orders Service createOrder() должен создавать заказ с позициями","status":"skipped","title":"должен создавать заказ с позициями","failureMessages":[],"meta":{}},{"ancestorTitles":["Orders Service","createOrder()"],"fullName":"Orders Service createOrder() должен рассчитывать totalAmount","status":"skipped","title":"должен рассчитывать totalAmount","failureMessages":[],"meta":{}},{"ancestorTitles":["Orders Service","updateOrderStatus()"],"fullName":"Orders Service updateOrderStatus() должен обновлять статус заказа","status":"skipped","title":"должен обновлять статус заказа","failureMessages":[],"meta":{}},{"ancestorTitles":["Orders Service","updateOrderStatus()"],"fullName":"Orders Service updateOrderStatus() должен записывать в аудит лог","status":"skipped","title":"должен записывать в аудит лог","failureMessages":[],"meta":{}}],"startTime":1774468661694,"endTime":1774468661694,"status":"failed","message":"","name":"/Users/leonidmolchanov/Desktop/merch-crm/__tests__/integration/services/orders.test.ts"},{"assertionResults":[{"ancestorTitles":["Pagination"],"fullName":"Pagination отображает правильное количество страниц","status":"passed","title":"отображает правильное количество страниц","duration":37.12858299999789,"failureMessages":[],"meta":{}},{"ancestorTitles":["Pagination"],"fullName":"Pagination выделяет текущую страницу","status":"passed","title":"выделяет текущую страницу","duration":5.236000000004424,"failureMessages":[],"meta":{}},{"ancestorTitles":["Pagination"],"fullName":"Pagination переходит на следующую страницу","status":"passed","title":"переходит на следующую страницу","duration":29.60800000000745,"failureMessages":[],"meta":{}},{"ancestorTitles":["Pagination"],"fullName":"Pagination склоняет названия элементов","status":"passed","title":"склоняет названия элементов","duration":6.501499999998487,"failureMessages":[],"meta":{}}],"startTime":1774468771963,"endTime":1774468772041.5015,"status":"passed","message":"","name":"/Users/leonidmolchanov/Desktop/merch-crm/components/ui/__tests__/pagination.test.tsx"},{"assertionResults":[{"ancestorTitles":["forgotPasswordAction()","успешный запрос"],"fullName":"forgotPasswordAction() успешный запрос должен вернуть success=true при прохождении обоих лимитов","status":"passed","title":"должен вернуть success=true при прохождении обоих лимитов","duration":0.7423749999998108,"failureMessages":[],"meta":{}},{"ancestorTitles":["forgotPasswordAction()","успешный запрос"],"fullName":"forgotPasswordAction() успешный запрос должен вызвать rateLimit дважды (по IP и по email)","status":"passed","title":"должен вызвать rateLimit дважды (по IP и по email)","duration":0.15108299999997143,"failureMessages":[],"meta":{}},{"ancestorTitles":["forgotPasswordAction()","успешный запрос"],"fullName":"forgotPasswordAction() успешный запрос должен проверить лимит по IP первым","status":"passed","title":"должен проверить лимит по IP первым","duration":0.12608299999988049,"failureMessages":[],"meta":{}},{"ancestorTitles":["forgotPasswordAction()","успешный запрос"],"fullName":"forgotPasswordAction() успешный запрос должен проверить лимит по email вторым","status":"passed","title":"должен проверить лимит по email вторым","duration":0.07304199999998673,"failureMessages":[],"meta":{}},{"ancestorTitles":["forgotPasswordAction()","успешный запрос"],"fullName":"forgotPasswordAction() успешный запрос должен использовать lowercase для email-ключа","status":"passed","title":"должен использовать lowercase для email-ключа","duration":0.07520799999997507,"failureMessages":[],"meta":{}},{"ancestorTitles":["forgotPasswordAction()","успешный запрос"],"fullName":"forgotPasswordAction() успешный запрос должен вызвать auth.api.requestPasswordReset с корректными данными","status":"passed","title":"должен вызвать auth.api.requestPasswordReset с корректными данными","duration":0.7573750000001382,"failureMessages":[],"meta":{}},{"ancestorTitles":["forgotPasswordAction()","успешный запрос"],"fullName":"forgotPasswordAction() успешный запрос должен логировать событие password_reset_requested при успехе","status":"passed","title":"должен логировать событие password_reset_requested при успехе","duration":0.2716249999998581,"failureMessages":[],"meta":{}},{"ancestorTitles":["forgotPasswordAction()","успешный запрос"],"fullName":"forgotPasswordAction() успешный запрос НЕ должен раскрывать ошибку Better Auth (anti-enumeration)","status":"passed","title":"НЕ должен раскрывать ошибку Better Auth (anti-enumeration)","duration":0.1358749999999418,"failureMessages":[],"meta":{}},{"ancestorTitles":["forgotPasswordAction()","успешный запрос"],"fullName":"forgotPasswordAction() успешный запрос должен логировать ошибку при сбое Better Auth","status":"passed","title":"должен логировать ошибку при сбое Better Auth","duration":0.16129099999989194,"failureMessages":[],"meta":{}},{"ancestorTitles":["forgotPasswordAction()","блокировка по IP"],"fullName":"forgotPasswordAction() блокировка по IP должен вернуть success=false при превышении IP-лимита","status":"passed","title":"должен вернуть success=false при превышении IP-лимита","duration":0.08566700000005767,"failureMessages":[],"meta":{}},{"ancestorTitles":["forgotPasswordAction()","блокировка по IP"],"fullName":"forgotPasswordAction() блокировка по IP должен вернуть error-сообщение при превышении IP-лимита","status":"passed","title":"должен вернуть error-сообщение при превышении IP-лимита","duration":0.14591700000005403,"failureMessages":[],"meta":{}},{"ancestorTitles":["forgotPasswordAction()","блокировка по IP"],"fullName":"forgotPasswordAction() блокировка по IP должен вернуть retryAfter при превышении IP-лимита","status":"passed","title":"должен вернуть retryAfter при превышении IP-лимита","duration":0.08745799999996962,"failureMessages":[],"meta":{}},{"ancestorTitles":["forgotPasswordAction()","блокировка по IP"],"fullName":"forgotPasswordAction() блокировка по IP НЕ должен вызывать requestPasswordReset при блокировке по IP","status":"passed","title":"НЕ должен вызывать requestPasswordReset при блокировке по IP","duration":0.07825000000002547,"failureMessages":[],"meta":{}},{"ancestorTitles":["forgotPasswordAction()","блокировка по IP"],"fullName":"forgotPasswordAction() блокировка по IP должен логировать событие rate_limit_exceeded при блокировке по IP","status":"passed","title":"должен логировать событие rate_limit_exceeded при блокировке по IP","duration":0.12299999999981992,"failureMessages":[],"meta":{}},{"ancestorTitles":["forgotPasswordAction()","блокировка по IP"],"fullName":"forgotPasswordAction() блокировка по IP НЕ должен проверять email-лимит после блокировки по IP","status":"passed","title":"НЕ должен проверять email-лимит после блокировки по IP","duration":0.05029199999989942,"failureMessages":[],"meta":{}},{"ancestorTitles":["forgotPasswordAction()","блокировка по email"],"fullName":"forgotPasswordAction() блокировка по email должен вернуть success=false при превышении email-лимита","status":"passed","title":"должен вернуть success=false при превышении email-лимита","duration":0.058708000000024185,"failureMessages":[],"meta":{}},{"ancestorTitles":["forgotPasswordAction()","блокировка по email"],"fullName":"forgotPasswordAction() блокировка по email должен вернуть retryAfter при превышении email-лимита","status":"passed","title":"должен вернуть retryAfter при превышении email-лимита","duration":0.05274999999983265,"failureMessages":[],"meta":{}},{"ancestorTitles":["forgotPasswordAction()","блокировка по email"],"fullName":"forgotPasswordAction() блокировка по email НЕ должен вызывать requestPasswordReset при блокировке по email","status":"passed","title":"НЕ должен вызывать requestPasswordReset при блокировке по email","duration":0.05304200000000492,"failureMessages":[],"meta":{}},{"ancestorTitles":["forgotPasswordAction()","блокировка по email"],"fullName":"forgotPasswordAction() блокировка по email должен логировать rate_limit_exceeded с reason=email_limit","status":"passed","title":"должен логировать rate_limit_exceeded с reason=email_limit","duration":0.0989999999999327,"failureMessages":[],"meta":{}},{"ancestorTitles":["forgotPasswordAction()","блокировка по email"],"fullName":"forgotPasswordAction() блокировка по email НЕ должен раскрывать что лимит именно по email (anti-enumeration)","status":"passed","title":"НЕ должен раскрывать что лимит именно по email (anti-enumeration)","duration":0.0602080000001024,"failureMessages":[],"meta":{}},{"ancestorTitles":["forgotPasswordAction()","параметры вызова rateLimit"],"fullName":"forgotPasswordAction() параметры вызова rateLimit должен использовать лимит из RATE_LIMITS.passwordReset","status":"passed","title":"должен использовать лимит из RATE_LIMITS.passwordReset","duration":0.09854100000006838,"failureMessages":[],"meta":{}},{"ancestorTitles":["forgotPasswordAction()","параметры вызова rateLimit"],"fullName":"forgotPasswordAction() параметры вызова rateLimit IP-ключ должен содержать IP адрес клиента","status":"passed","title":"IP-ключ должен содержать IP адрес клиента","duration":0.06891700000005585,"failureMessages":[],"meta":{}},{"ancestorTitles":["forgotPasswordAction()","параметры вызова rateLimit"],"fullName":"forgotPasswordAction() параметры вызова rateLimit email-ключ должен содержать нормализованный email","status":"passed","title":"email-ключ должен содержать нормализованный email","duration":0.05104200000005221,"failureMessages":[],"meta":{}},{"ancestorTitles":["forgotPasswordAction()","обработка IP-заголовков"],"fullName":"forgotPasswordAction() обработка IP-заголовков должен использовать \"unknown\" если заголовки отсутствуют","status":"passed","title":"должен использовать \"unknown\" если заголовки отсутствуют","duration":0.17029200000001765,"failureMessages":[],"meta":{}}],"startTime":1774468662819,"endTime":1774468662822.1704,"status":"passed","message":"","name":"/Users/leonidmolchanov/Desktop/merch-crm/app/(auth)/forgot-password/__tests__/actions.test.ts"},{"assertionResults":[{"ancestorTitles":["useDashboardData"],"fullName":"useDashboardData initializes with initialStats","status":"passed","title":"initializes with initialStats","duration":1.8361670000012964,"failureMessages":[],"meta":{}},{"ancestorTitles":["useDashboardData"],"fullName":"useDashboardData sets isMounted after timeout","status":"passed","title":"sets isMounted after timeout","duration":13.59533399999782,"failureMessages":[],"meta":{}},{"ancestorTitles":["useDashboardData"],"fullName":"useDashboardData fetches data on mount and period change","status":"passed","title":"fetches data on mount and period change","duration":1.5137079999985872,"failureMessages":[],"meta":{}},{"ancestorTitles":["useDashboardData"],"fullName":"useDashboardData updates data on interval","status":"passed","title":"updates data on interval","duration":1.1195000000006985,"failureMessages":[],"meta":{}},{"ancestorTitles":["useDashboardData"],"fullName":"useDashboardData formats time and date correctly","status":"passed","title":"formats time and date correctly","duration":2.1997080000001006,"failureMessages":[],"meta":{}}],"startTime":1774468771309,"endTime":1774468771330.1997,"status":"passed","message":"","name":"/Users/leonidmolchanov/Desktop/merch-crm/app/(main)/dashboard/hooks/__tests__/use-dashboard-data.test.ts"},{"assertionResults":[{"ancestorTitles":["Order Actions (Integration)","getOrders"],"fullName":"Order Actions (Integration) getOrders возвращает список заказов с клиентами","status":"passed","title":"возвращает список заказов с клиентами","duration":3756.6185000000005,"failureMessages":[],"meta":{}},{"ancestorTitles":["Order Actions (Integration)","createOrder"],"fullName":"Order Actions (Integration) createOrder создаёт заказ с минимальными данными","status":"passed","title":"создаёт заказ с минимальными данными","duration":4477.12925,"failureMessages":[],"meta":{}},{"ancestorTitles":["Order Actions (Integration)","updateOrderField"],"fullName":"Order Actions (Integration) updateOrderField обновляет приоритет заказа","status":"passed","title":"обновляет приоритет заказа","duration":3843.0422909999998,"failureMessages":[],"meta":{}}],"startTime":1774468666919,"endTime":1774468678996.0422,"status":"passed","message":"","name":"/Users/leonidmolchanov/Desktop/merch-crm/app/(main)/dashboard/orders/__tests__/core.actions.test.ts"},{"assertionResults":[{"ancestorTitles":["OrdersTable"],"fullName":"OrdersTable отображает список заказов","status":"passed","title":"отображает список заказов","duration":73.9854579999992,"failureMessages":[],"meta":{}},{"ancestorTitles":["OrdersTable"],"fullName":"OrdersTable отображает сообщение если заказов нет","status":"passed","title":"отображает сообщение если заказов нет","duration":5.228291999999783,"failureMessages":[],"meta":{}},{"ancestorTitles":["OrdersTable"],"fullName":"OrdersTable отображает имя клиента","status":"passed","title":"отображает имя клиента","duration":7.815458000000945,"failureMessages":[],"meta":{}},{"ancestorTitles":["OrdersTable"],"fullName":"OrdersTable скрывает колонку бюджета если showFinancials=false","status":"passed","title":"скрывает колонку бюджета если showFinancials=false","duration":7.51537499999904,"failureMessages":[],"meta":{}},{"ancestorTitles":["OrdersTable","Выбор заказов"],"fullName":"OrdersTable Выбор заказов выбирает заказ по клику на чекбокс","status":"failed","title":"выбирает заказ по клику на чекбокс","duration":30015.838417000003,"failureMessages":["Error: Test timed out in 30000ms.\nIf this is a long-running test, pass a timeout value as the last argument or configure it globally with \"testTimeout\".\n    at Timeout.<anonymous> (file:///Users/leonidmolchanov/Desktop/merch-crm/node_modules/@vitest/runner/dist/index.js:44:18)\n    at listOnTimeout (node:internal/timers:605:17)\n    at processTimers (node:internal/timers:541:7)"],"meta":{}},{"ancestorTitles":["OrdersTable","Выбор заказов"],"fullName":"OrdersTable Выбор заказов выбирает все заказы","status":"failed","title":"выбирает все заказы","duration":30033.348583,"failureMessages":["Error: Test timed out in 30000ms.\nIf this is a long-running test, pass a timeout value as the last argument or configure it globally with \"testTimeout\".\n    at Timeout.<anonymous> (file:///Users/leonidmolchanov/Desktop/merch-crm/node_modules/@vitest/runner/dist/index.js:44:18)\n    at listOnTimeout (node:internal/timers:605:17)\n    at processTimers (node:internal/timers:541:7)"],"meta":{}},{"ancestorTitles":["OrdersTable","Действия с заказами"],"fullName":"OrdersTable Действия с заказами переключает флаг срочности","status":"failed","title":"переключает флаг срочности","duration":30020.763791999998,"failureMessages":["Error: Test timed out in 30000ms.\nIf this is a long-running test, pass a timeout value as the last argument or configure it globally with \"testTimeout\".\n    at Timeout.<anonymous> (file:///Users/leonidmolchanov/Desktop/merch-crm/node_modules/@vitest/runner/dist/index.js:44:18)\n    at listOnTimeout (node:internal/timers:605:17)\n    at processTimers (node:internal/timers:541:7)"],"meta":{}}],"startTime":1774468680949,"endTime":1774468771114.7637,"status":"failed","message":"","name":"/Users/leonidmolchanov/Desktop/merch-crm/app/(main)/dashboard/orders/__tests__/orders-table.test.tsx"},{"assertionResults":[{"ancestorTitles":["contacts.actions","getClientContacts"],"fullName":"contacts.actions getClientContacts returns contacts successfully","status":"passed","title":"returns contacts successfully","duration":0.4070830000000569,"failureMessages":[],"meta":{}},{"ancestorTitles":["contacts.actions","getClientContacts"],"fullName":"contacts.actions getClientContacts handles errors gracefully","status":"passed","title":"handles errors gracefully","duration":0.15883300000018608,"failureMessages":[],"meta":{}},{"ancestorTitles":["contacts.actions","addClientContact"],"fullName":"contacts.actions addClientContact requires authentication","status":"passed","title":"requires authentication","duration":0.1073750000000473,"failureMessages":[],"meta":{}},{"ancestorTitles":["contacts.actions","addClientContact"],"fullName":"contacts.actions addClientContact validates input data","status":"passed","title":"validates input data","duration":0.469124999999849,"failureMessages":[],"meta":{}},{"ancestorTitles":["contacts.actions","addClientContact"],"fullName":"contacts.actions addClientContact rejects non-b2b clients","status":"passed","title":"rejects non-b2b clients","duration":0.1794159999999465,"failureMessages":[],"meta":{}},{"ancestorTitles":["contacts.actions","addClientContact"],"fullName":"contacts.actions addClientContact rejects when contact limit reached","status":"passed","title":"rejects when contact limit reached","duration":0.11591699999985394,"failureMessages":[],"meta":{}},{"ancestorTitles":["contacts.actions","addClientContact"],"fullName":"contacts.actions addClientContact adds contact for b2b client successfully","status":"passed","title":"adds contact for b2b client successfully","duration":1.7606249999998909,"failureMessages":[],"meta":{}},{"ancestorTitles":["contacts.actions","updateClientContact"],"fullName":"contacts.actions updateClientContact requires authentication","status":"passed","title":"requires authentication","duration":0.4907499999999345,"failureMessages":[],"meta":{}},{"ancestorTitles":["contacts.actions","updateClientContact"],"fullName":"contacts.actions updateClientContact returns error for non-existent contact","status":"passed","title":"returns error for non-existent contact","duration":0.3126670000001468,"failureMessages":[],"meta":{}},{"ancestorTitles":["contacts.actions","updateClientContact"],"fullName":"contacts.actions updateClientContact updates contact successfully","status":"passed","title":"updates contact successfully","duration":0.33625000000006366,"failureMessages":[],"meta":{}},{"ancestorTitles":["contacts.actions","deleteClientContact"],"fullName":"contacts.actions deleteClientContact requires authentication","status":"passed","title":"requires authentication","duration":0.12129200000003948,"failureMessages":[],"meta":{}},{"ancestorTitles":["contacts.actions","deleteClientContact"],"fullName":"contacts.actions deleteClientContact returns error for non-existent contact","status":"passed","title":"returns error for non-existent contact","duration":0.13466699999980847,"failureMessages":[],"meta":{}},{"ancestorTitles":["contacts.actions","deleteClientContact"],"fullName":"contacts.actions deleteClientContact deletes contact successfully","status":"passed","title":"deletes contact successfully","duration":0.21741599999995742,"failureMessages":[],"meta":{}},{"ancestorTitles":["contacts.actions","setPrimaryContact"],"fullName":"contacts.actions setPrimaryContact returns immediately if already primary","status":"passed","title":"returns immediately if already primary","duration":0.13512500000001637,"failureMessages":[],"meta":{}},{"ancestorTitles":["contacts.actions","setPrimaryContact"],"fullName":"contacts.actions setPrimaryContact sets primary contact successfully","status":"passed","title":"sets primary contact successfully","duration":0.19837500000016917,"failureMessages":[],"meta":{}}],"startTime":1774468663280,"endTime":1774468663286.1985,"status":"passed","message":"","name":"/Users/leonidmolchanov/Desktop/merch-crm/app/(main)/dashboard/clients/actions/__tests__/contacts.actions.test.ts"},{"assertionResults":[{"ancestorTitles":["export.actions","getExportColumns"],"fullName":"export.actions getExportColumns should return export columns","status":"passed","title":"should return export columns","duration":0.33874999999989086,"failureMessages":[],"meta":{}},{"ancestorTitles":["export.actions","getExportPresets"],"fullName":"export.actions getExportPresets should return export presets","status":"passed","title":"should return export presets","duration":0.16933400000016263,"failureMessages":[],"meta":{}},{"ancestorTitles":["export.actions","getExportPresets"],"fullName":"export.actions getExportPresets should include basic, analytics, marketing, and full presets","status":"passed","title":"should include basic, analytics, marketing, and full presets","duration":0.12329200000021956,"failureMessages":[],"meta":{}},{"ancestorTitles":["export.actions","getExportData"],"fullName":"export.actions getExportData should require authentication","status":"passed","title":"should require authentication","duration":0.19562500000029104,"failureMessages":[],"meta":{}},{"ancestorTitles":["export.actions","getExportData"],"fullName":"export.actions getExportData should reject empty columns array","status":"passed","title":"should reject empty columns array","duration":0.5332090000001699,"failureMessages":[],"meta":{}},{"ancestorTitles":["export.actions","getExportData"],"fullName":"export.actions getExportData should generate CSV with correct headers and data","status":"passed","title":"should generate CSV with correct headers and data","duration":1.328125,"failureMessages":[],"meta":{}},{"ancestorTitles":["export.actions","getExportData"],"fullName":"export.actions getExportData should apply filters correctly","status":"passed","title":"should apply filters correctly","duration":0.27412500000036744,"failureMessages":[],"meta":{}},{"ancestorTitles":["export.actions","getExportData"],"fullName":"export.actions getExportData should include BOM for Excel compatibility","status":"passed","title":"should include BOM for Excel compatibility","duration":0.19554199999993216,"failureMessages":[],"meta":{}}],"startTime":1774468664823,"endTime":1774468664826.1956,"status":"passed","message":"","name":"/Users/leonidmolchanov/Desktop/merch-crm/app/(main)/dashboard/clients/actions/__tests__/export.actions.test.ts"},{"assertionResults":[{"ancestorTitles":["useClientForm"],"fullName":"useClientForm initializes with client data","status":"passed","title":"initializes with client data","duration":1.8874160000013944,"failureMessages":[],"meta":{}},{"ancestorTitles":["useClientForm"],"fullName":"useClientForm updates form field and checks duplicates","status":"passed","title":"updates form field and checks duplicates","duration":0.6409160000002885,"failureMessages":[],"meta":{}},{"ancestorTitles":["useClientForm"],"fullName":"useClientForm validates B2B company requirement","status":"passed","title":"validates B2B company requirement","duration":0.6554170000017621,"failureMessages":[],"meta":{}},{"ancestorTitles":["useClientForm"],"fullName":"useClientForm handles successful submission","status":"passed","title":"handles successful submission","duration":0.7401669999999285,"failureMessages":[],"meta":{}},{"ancestorTitles":["useClientForm"],"fullName":"useClientForm handles failed submission","status":"passed","title":"handles failed submission","duration":0.4607910000013362,"failureMessages":[],"meta":{}}],"startTime":1774468679736,"endTime":1774468679740.7402,"status":"passed","message":"","name":"/Users/leonidmolchanov/Desktop/merch-crm/app/(main)/dashboard/clients/hooks/__tests__/use-client-form.test.ts"},{"assertionResults":[{"ancestorTitles":["useClientsUI"],"fullName":"useClientsUI addToHistory adds valid query to history and localStorage","status":"passed","title":"addToHistory adds valid query to history and localStorage","duration":1.5034580000065034,"failureMessages":[],"meta":{}},{"ancestorTitles":["useClientsUI"],"fullName":"useClientsUI addToHistory ignores empty or short queries","status":"passed","title":"addToHistory ignores empty or short queries","duration":0.47400000000197906,"failureMessages":[],"meta":{}},{"ancestorTitles":["useClientsUI"],"fullName":"useClientsUI handleExportClick sets showExportDialog to true","status":"passed","title":"handleExportClick sets showExportDialog to true","duration":0.5647089999984019,"failureMessages":[],"meta":{}}],"startTime":1774468772326,"endTime":1774468772328.5647,"status":"passed","message":"","name":"/Users/leonidmolchanov/Desktop/merch-crm/app/(main)/dashboard/clients/hooks/__tests__/use-clients-ui.test.ts"},{"assertionResults":[{"ancestorTitles":["useDuplicateCheck"],"fullName":"useDuplicateCheck initializes with empty state","status":"passed","title":"initializes with empty state","duration":7.345333999999639,"failureMessages":[],"meta":{}},{"ancestorTitles":["useDuplicateCheck"],"fullName":"useDuplicateCheck ignores input if not enough data provided","status":"passed","title":"ignores input if not enough data provided","duration":1.5195420000000013,"failureMessages":[],"meta":{}},{"ancestorTitles":["useDuplicateCheck"],"fullName":"useDuplicateCheck debounces the search request","status":"passed","title":"debounces the search request","duration":1.5211670000003323,"failureMessages":[],"meta":{}},{"ancestorTitles":["useDuplicateCheck"],"fullName":"useDuplicateCheck sets duplicates when matches found","status":"passed","title":"sets duplicates when matches found","duration":1.1590409999998883,"failureMessages":[],"meta":{}},{"ancestorTitles":["useDuplicateCheck"],"fullName":"useDuplicateCheck filters out excluded client ID","status":"passed","title":"filters out excluded client ID","duration":1.799750000000131,"failureMessages":[],"meta":{}},{"ancestorTitles":["useDuplicateCheck"],"fullName":"useDuplicateCheck handles dismissing duplicates","status":"passed","title":"handles dismissing duplicates","duration":1.074750000000222,"failureMessages":[],"meta":{}},{"ancestorTitles":["useDuplicateCheck"],"fullName":"useDuplicateCheck handles clearing duplicates","status":"passed","title":"handles clearing duplicates","duration":0.6505420000003141,"failureMessages":[],"meta":{}},{"ancestorTitles":["useDuplicateCheck"],"fullName":"useDuplicateCheck prevents repeated checks for same data","status":"passed","title":"prevents repeated checks for same data","duration":0.5924159999999574,"failureMessages":[],"meta":{}}],"startTime":1774468664854,"endTime":1774468664869.5925,"status":"passed","message":"","name":"/Users/leonidmolchanov/Desktop/merch-crm/app/(main)/dashboard/clients/hooks/__tests__/use-duplicate-check.test.ts"},{"assertionResults":[{"ancestorTitles":["design-dashboard-actions","getDesignStats"],"fullName":"design-dashboard-actions getDesignStats should return success and stats when database calls succeed","status":"passed","title":"should return success and stats when database calls succeed","duration":1.239791999993031,"failureMessages":[],"meta":{}},{"ancestorTitles":["design-dashboard-actions","getDesignStats"],"fullName":"design-dashboard-actions getDesignStats should return error when database call fails","status":"passed","title":"should return error when database call fails","duration":2.2310419999994338,"failureMessages":[],"meta":{}}],"startTime":1774468772133,"endTime":1774468772136.231,"status":"passed","message":"","name":"/Users/leonidmolchanov/Desktop/merch-crm/app/(main)/dashboard/design/actions/__tests__/design-dashboard-actions.test.ts"},{"assertionResults":[{"ancestorTitles":["getDesignQueueStats"],"fullName":"getDesignQueueStats should return an error if the user is not authenticated","status":"passed","title":"should return an error if the user is not authenticated","duration":0.543707999997423,"failureMessages":[],"meta":{}},{"ancestorTitles":["getDesignQueueStats"],"fullName":"getDesignQueueStats should return statistics if the user is authenticated","status":"passed","title":"should return statistics if the user is authenticated","duration":1.9234589999978198,"failureMessages":[],"meta":{}},{"ancestorTitles":["getDesignQueueStats"],"fullName":"getDesignQueueStats should return an error if database query fails","status":"passed","title":"should return an error if database query fails","duration":1.8996669999905862,"failureMessages":[],"meta":{}}],"startTime":1774468771295,"endTime":1774468771298.8997,"status":"passed","message":"","name":"/Users/leonidmolchanov/Desktop/merch-crm/app/(main)/dashboard/design/actions/__tests__/order-design-actions.test.ts"},{"assertionResults":[{"ancestorTitles":["task-actions","getDesignQueue"],"fullName":"task-actions getDesignQueue should return success and tasks when database calls succeed","status":"passed","title":"should return success and tasks when database calls succeed","duration":0.8570000000036089,"failureMessages":[],"meta":{}},{"ancestorTitles":["task-actions","getDesignQueue"],"fullName":"task-actions getDesignQueue should return error when database call fails","status":"passed","title":"should return error when database call fails","duration":0.5847079999948619,"failureMessages":[],"meta":{}}],"startTime":1774468772344,"endTime":1774468772345.5847,"status":"passed","message":"","name":"/Users/leonidmolchanov/Desktop/merch-crm/app/(main)/dashboard/design/actions/__tests__/task-actions.test.ts"},{"assertionResults":[{"ancestorTitles":["orders-dashboard-actions","getOrdersStats"],"fullName":"orders-dashboard-actions getOrdersStats should return success and stats when database calls succeed","status":"passed","title":"should return success and stats when database calls succeed","duration":1.6635000000096625,"failureMessages":[],"meta":{}},{"ancestorTitles":["orders-dashboard-actions","getOrdersStats"],"fullName":"orders-dashboard-actions getOrdersStats should return error when database call fails","status":"passed","title":"should return error when database call fails","duration":0.9640419999923324,"failureMessages":[],"meta":{}}],"startTime":1774468772295,"endTime":1774468772297.964,"status":"passed","message":"","name":"/Users/leonidmolchanov/Desktop/merch-crm/app/(main)/dashboard/orders/actions/__tests__/orders-dashboard-actions.test.ts"},{"assertionResults":[{"ancestorTitles":["useOrderActions (operations)"],"fullName":"useOrderActions (operations) handleUpdateField updates field and shows success toast","status":"passed","title":"handleUpdateField updates field and shows success toast","duration":1.4969160000036936,"failureMessages":[],"meta":{}},{"ancestorTitles":["useOrderActions (operations)"],"fullName":"useOrderActions (operations) handleUpdateField handles error and shows error toast","status":"passed","title":"handleUpdateField handles error and shows error toast","duration":0.4632089999940945,"failureMessages":[],"meta":{}},{"ancestorTitles":["useOrderActions (operations)"],"fullName":"useOrderActions (operations) handleExport shows toast after (simulated) export","status":"passed","title":"handleExport shows toast after (simulated) export","duration":0.5719160000007832,"failureMessages":[],"meta":{}}],"startTime":1774468771354,"endTime":1774468771356.572,"status":"passed","message":"","name":"/Users/leonidmolchanov/Desktop/merch-crm/app/(main)/dashboard/orders/hooks/__tests__/use-order-operations.test.ts"},{"assertionResults":[{"ancestorTitles":["useOrderSelection"],"fullName":"useOrderSelection initializes with empty selection","status":"passed","title":"initializes with empty selection","duration":1.4466250000114087,"failureMessages":[],"meta":{}},{"ancestorTitles":["useOrderSelection"],"fullName":"useOrderSelection toggles individual row selection","status":"passed","title":"toggles individual row selection","duration":0.9128750000090804,"failureMessages":[],"meta":{}},{"ancestorTitles":["useOrderSelection"],"fullName":"useOrderSelection toggles all rows","status":"passed","title":"toggles all rows","duration":0.4845000000059372,"failureMessages":[],"meta":{}},{"ancestorTitles":["useOrderSelection"],"fullName":"useOrderSelection clears selection","status":"passed","title":"clears selection","duration":0.45274999999674037,"failureMessages":[],"meta":{}},{"ancestorTitles":["useOrderSelection"],"fullName":"useOrderSelection updates isAllSelected correctly when manually selecting all","status":"passed","title":"updates isAllSelected correctly when manually selecting all","duration":0.32995800000207964,"failureMessages":[],"meta":{}}],"startTime":1774468772103,"endTime":1774468772106.4846,"status":"passed","message":"","name":"/Users/leonidmolchanov/Desktop/merch-crm/app/(main)/dashboard/orders/hooks/__tests__/use-order-selection.test.ts"},{"assertionResults":[{"ancestorTitles":["application-type-actions","getApplicationTypes"],"fullName":"application-type-actions getApplicationTypes should return success and types","status":"passed","title":"should return success and types","duration":0.8070840000000317,"failureMessages":[],"meta":{}},{"ancestorTitles":["application-type-actions","createApplicationType"],"fullName":"application-type-actions createApplicationType should create a type and return success","status":"passed","title":"should create a type and return success","duration":0.36608399999386165,"failureMessages":[],"meta":{}}],"startTime":1774468772072,"endTime":1774468772073.366,"status":"passed","message":"","name":"/Users/leonidmolchanov/Desktop/merch-crm/app/(main)/dashboard/production/actions/__tests__/application-type-actions.test.ts"},{"assertionResults":[{"ancestorTitles":["bento-resource-actions"],"fullName":"bento-resource-actions should export functions","status":"passed","title":"should export functions","duration":0.5737499999959255,"failureMessages":[],"meta":{}},{"ancestorTitles":["bento-resource-actions"],"fullName":"bento-resource-actions should return unauthorized if no session","status":"passed","title":"should return unauthorized if no session","duration":0.28754099999787286,"failureMessages":[],"meta":{}}],"startTime":1774468771848,"endTime":1774468771848.5737,"status":"passed","message":"","name":"/Users/leonidmolchanov/Desktop/merch-crm/app/(main)/dashboard/production/actions/__tests__/bento-resource-actions.test.ts"},{"assertionResults":[{"ancestorTitles":["bento-stats-actions"],"fullName":"bento-stats-actions should export functions","status":"passed","title":"should export functions","duration":0.6722079999890411,"failureMessages":[],"meta":{}},{"ancestorTitles":["bento-stats-actions"],"fullName":"bento-stats-actions should return unauthorized if no session","status":"passed","title":"should return unauthorized if no session","duration":0.3334999999933643,"failureMessages":[],"meta":{}}],"startTime":1774468771907,"endTime":1774468771908.3335,"status":"passed","message":"","name":"/Users/leonidmolchanov/Desktop/merch-crm/app/(main)/dashboard/production/actions/__tests__/bento-stats-actions.test.ts"},{"assertionResults":[{"ancestorTitles":["equipment-actions","getEquipment"],"fullName":"equipment-actions getEquipment should return success and equipment","status":"passed","title":"should return success and equipment","duration":0.9292500000010477,"failureMessages":[],"meta":{}},{"ancestorTitles":["equipment-actions","createEquipment"],"fullName":"equipment-actions createEquipment should create an equipment and return success","status":"passed","title":"should create an equipment and return success","duration":2.2090840000018943,"failureMessages":[],"meta":{}}],"startTime":1774468772093,"endTime":1774468772096.209,"status":"passed","message":"","name":"/Users/leonidmolchanov/Desktop/merch-crm/app/(main)/dashboard/production/actions/__tests__/equipment-actions.test.ts"},{"assertionResults":[{"ancestorTitles":["line-actions","getProductionLines"],"fullName":"line-actions getProductionLines should return success and lines with stats","status":"passed","title":"should return success and lines with stats","duration":0.8701659999933327,"failureMessages":[],"meta":{}},{"ancestorTitles":["line-actions","createProductionLine"],"fullName":"line-actions createProductionLine should create a line and return success","status":"passed","title":"should create a line and return success","duration":0.3377909999981057,"failureMessages":[],"meta":{}}],"startTime":1774468771536,"endTime":1774468771536.87,"status":"passed","message":"","name":"/Users/leonidmolchanov/Desktop/merch-crm/app/(main)/dashboard/production/actions/__tests__/line-actions.test.ts"},{"assertionResults":[{"ancestorTitles":["production-dashboard-actions","getProductionStats"],"fullName":"production-dashboard-actions getProductionStats should return success and stats","status":"passed","title":"should return success and stats","duration":0.8690410000017437,"failureMessages":[],"meta":{}},{"ancestorTitles":["production-dashboard-actions","getTasksByLine"],"fullName":"production-dashboard-actions getTasksByLine should return success and line data","status":"passed","title":"should return success and line data","duration":0.2568749999991269,"failureMessages":[],"meta":{}},{"ancestorTitles":["production-dashboard-actions","getUrgentProductionTasks"],"fullName":"production-dashboard-actions getUrgentProductionTasks should return success and tasks","status":"passed","title":"should return success and tasks","duration":0.2549159999980475,"failureMessages":[],"meta":{}}],"startTime":1774468679724,"endTime":1774468679725.2568,"status":"passed","message":"","name":"/Users/leonidmolchanov/Desktop/merch-crm/app/(main)/dashboard/production/actions/__tests__/production-dashboard-actions.test.ts"},{"assertionResults":[{"ancestorTitles":["reports-actions"],"fullName":"reports-actions should export functions","status":"passed","title":"should export functions","duration":0.7220419999939622,"failureMessages":[],"meta":{}},{"ancestorTitles":["reports-actions"],"fullName":"reports-actions should return unauthorized if no session","status":"passed","title":"should return unauthorized if no session","duration":0.30620799999451265,"failureMessages":[],"meta":{}}],"startTime":1774468771926,"endTime":1774468771926.722,"status":"passed","message":"","name":"/Users/leonidmolchanov/Desktop/merch-crm/app/(main)/dashboard/production/actions/__tests__/reports-actions.test.ts"},{"assertionResults":[{"ancestorTitles":["reports-data-actions"],"fullName":"reports-data-actions should export functions","status":"passed","title":"should export functions","duration":0.6582909999997355,"failureMessages":[],"meta":{}},{"ancestorTitles":["reports-data-actions"],"fullName":"reports-data-actions should return unauthorized if no session","status":"passed","title":"should return unauthorized if no session","duration":0.38370799999393057,"failureMessages":[],"meta":{}}],"startTime":1774468771881,"endTime":1774468771882.3838,"status":"passed","message":"","name":"/Users/leonidmolchanov/Desktop/merch-crm/app/(main)/dashboard/production/actions/__tests__/reports-data-actions.test.ts"},{"assertionResults":[{"ancestorTitles":["reports-export-actions"],"fullName":"reports-export-actions should export functions","status":"passed","title":"should export functions","duration":0.6929999999993015,"failureMessages":[],"meta":{}},{"ancestorTitles":["reports-export-actions"],"fullName":"reports-export-actions should return unauthorized if no session","status":"passed","title":"should return unauthorized if no session","duration":0.2887500000069849,"failureMessages":[],"meta":{}}],"startTime":1774468771857,"endTime":1774468771858.2888,"status":"passed","message":"","name":"/Users/leonidmolchanov/Desktop/merch-crm/app/(main)/dashboard/production/actions/__tests__/reports-export-actions.test.ts"},{"assertionResults":[{"ancestorTitles":["staff-actions","getProductionStaff"],"fullName":"staff-actions getProductionStaff should return success and staff with stats","status":"passed","title":"should return success and staff with stats","duration":0.8441669999883743,"failureMessages":[],"meta":{}},{"ancestorTitles":["staff-actions","getProductionStaffById"],"fullName":"staff-actions getProductionStaffById should return success and member full data","status":"passed","title":"should return success and member full data","duration":0.3755830000009155,"failureMessages":[],"meta":{}},{"ancestorTitles":["staff-actions","createProductionStaff"],"fullName":"staff-actions createProductionStaff should create staff and return success","status":"passed","title":"should create staff and return success","duration":0.3428330000024289,"failureMessages":[],"meta":{}}],"startTime":1774468771187,"endTime":1774468771188.3755,"status":"passed","message":"","name":"/Users/leonidmolchanov/Desktop/merch-crm/app/(main)/dashboard/production/actions/__tests__/staff-actions.test.ts"},{"assertionResults":[{"ancestorTitles":["production task-actions","getProductionTasks"],"fullName":"production task-actions getProductionTasks should return success and tasks when database calls succeed","status":"passed","title":"should return success and tasks when database calls succeed","duration":0.5806670000019949,"failureMessages":[],"meta":{}},{"ancestorTitles":["production task-actions","createProductionTask"],"fullName":"production task-actions createProductionTask should create a task and return success","status":"passed","title":"should create a task and return success","duration":0.4838330000056885,"failureMessages":[],"meta":{}}],"startTime":1774468771214,"endTime":1774468771214.5806,"status":"passed","message":"","name":"/Users/leonidmolchanov/Desktop/merch-crm/app/(main)/dashboard/production/actions/__tests__/task-actions.test.ts"},{"assertionResults":[{"ancestorTitles":["assignee-actions"],"fullName":"assignee-actions should export functions","status":"passed","title":"should export functions","duration":0.5316670000029262,"failureMessages":[],"meta":{}},{"ancestorTitles":["assignee-actions"],"fullName":"assignee-actions should return unauthorized if no session","status":"passed","title":"should return unauthorized if no session","duration":0.24958399999013636,"failureMessages":[],"meta":{}}],"startTime":1774468771666,"endTime":1774468771667.2495,"status":"passed","message":"","name":"/Users/leonidmolchanov/Desktop/merch-crm/app/(main)/dashboard/tasks/actions/__tests__/assignee-actions.test.ts"},{"assertionResults":[{"ancestorTitles":["attachment-actions"],"fullName":"attachment-actions should export functions","status":"passed","title":"should export functions","duration":0.5096669999911683,"failureMessages":[],"meta":{}},{"ancestorTitles":["attachment-actions"],"fullName":"attachment-actions should return unauthorized if no session","status":"passed","title":"should return unauthorized if no session","duration":0.2227500000008149,"failureMessages":[],"meta":{}}],"startTime":1774468771573,"endTime":1774468771574.2227,"status":"passed","message":"","name":"/Users/leonidmolchanov/Desktop/merch-crm/app/(main)/dashboard/tasks/actions/__tests__/attachment-actions.test.ts"},{"assertionResults":[{"ancestorTitles":["auto-task-actions"],"fullName":"auto-task-actions should export functions","status":"passed","title":"should export functions","duration":0.5957079999934649,"failureMessages":[],"meta":{}},{"ancestorTitles":["auto-task-actions"],"fullName":"auto-task-actions should return unauthorized if no session","status":"passed","title":"should return unauthorized if no session","duration":0.4499999999970896,"failureMessages":[],"meta":{}}],"startTime":1774468771826,"endTime":1774468771827.45,"status":"passed","message":"","name":"/Users/leonidmolchanov/Desktop/merch-crm/app/(main)/dashboard/tasks/actions/__tests__/auto-task-actions.test.ts"},{"assertionResults":[{"ancestorTitles":["checklist-actions"],"fullName":"checklist-actions should export functions","status":"passed","title":"should export functions","duration":0.5699169999861624,"failureMessages":[],"meta":{}},{"ancestorTitles":["checklist-actions"],"fullName":"checklist-actions should return unauthorized if no session","status":"passed","title":"should return unauthorized if no session","duration":0.3447500000038417,"failureMessages":[],"meta":{}}],"startTime":1774468771626,"endTime":1774468771626.5698,"status":"passed","message":"","name":"/Users/leonidmolchanov/Desktop/merch-crm/app/(main)/dashboard/tasks/actions/__tests__/checklist-actions.test.ts"},{"assertionResults":[{"ancestorTitles":["comment-actions"],"fullName":"comment-actions should export functions","status":"passed","title":"should export functions","duration":0.5828329999931157,"failureMessages":[],"meta":{}},{"ancestorTitles":["comment-actions"],"fullName":"comment-actions should return unauthorized if no session","status":"passed","title":"should return unauthorized if no session","duration":0.3406659999891417,"failureMessages":[],"meta":{}}],"startTime":1774468771685,"endTime":1774468771686.3406,"status":"passed","message":"","name":"/Users/leonidmolchanov/Desktop/merch-crm/app/(main)/dashboard/tasks/actions/__tests__/comment-actions.test.ts"},{"assertionResults":[{"ancestorTitles":["delegate-actions"],"fullName":"delegate-actions should export functions","status":"passed","title":"should export functions","duration":0.7526250000082655,"failureMessages":[],"meta":{}},{"ancestorTitles":["delegate-actions"],"fullName":"delegate-actions should return unauthorized if no session","status":"passed","title":"should return unauthorized if no session","duration":0.5443340000056196,"failureMessages":[],"meta":{}}],"startTime":1774468771745,"endTime":1774468771746.5444,"status":"passed","message":"","name":"/Users/leonidmolchanov/Desktop/merch-crm/app/(main)/dashboard/tasks/actions/__tests__/delegate-actions.test.ts"},{"assertionResults":[{"ancestorTitles":["department-actions"],"fullName":"department-actions should export functions","status":"passed","title":"should export functions","duration":0.53270799999882,"failureMessages":[],"meta":{}},{"ancestorTitles":["department-actions"],"fullName":"department-actions should return unauthorized if no session","status":"passed","title":"should return unauthorized if no session","duration":1.2938750000030268,"failureMessages":[],"meta":{}}],"startTime":1774468771419,"endTime":1774468771421.294,"status":"passed","message":"","name":"/Users/leonidmolchanov/Desktop/merch-crm/app/(main)/dashboard/tasks/actions/__tests__/department-actions.test.ts"},{"assertionResults":[{"ancestorTitles":["department-tasks-actions"],"fullName":"department-tasks-actions should export functions","status":"passed","title":"should export functions","duration":0.6827920000068843,"failureMessages":[],"meta":{}},{"ancestorTitles":["department-tasks-actions"],"fullName":"department-tasks-actions should return unauthorized if no session","status":"passed","title":"should return unauthorized if no session","duration":0.2831670000014128,"failureMessages":[],"meta":{}}],"startTime":1774468771646,"endTime":1774468771646.6829,"status":"passed","message":"","name":"/Users/leonidmolchanov/Desktop/merch-crm/app/(main)/dashboard/tasks/actions/__tests__/department-tasks-actions.test.ts"},{"assertionResults":[{"ancestorTitles":["dependency-actions"],"fullName":"dependency-actions should export functions","status":"passed","title":"should export functions","duration":1.5859999999956926,"failureMessages":[],"meta":{}},{"ancestorTitles":["dependency-actions"],"fullName":"dependency-actions should return unauthorized if no session","status":"passed","title":"should return unauthorized if no session","duration":0.3225830000010319,"failureMessages":[],"meta":{}}],"startTime":1774468771595,"endTime":1774468771597.3225,"status":"passed","message":"","name":"/Users/leonidmolchanov/Desktop/merch-crm/app/(main)/dashboard/tasks/actions/__tests__/dependency-actions.test.ts"},{"assertionResults":[{"ancestorTitles":["filter-preset-actions"],"fullName":"filter-preset-actions should export functions","status":"passed","title":"should export functions","duration":0.5241669999959413,"failureMessages":[],"meta":{}},{"ancestorTitles":["filter-preset-actions"],"fullName":"filter-preset-actions should return unauthorized if no session","status":"passed","title":"should return unauthorized if no session","duration":0.2181669999990845,"failureMessages":[],"meta":{}}],"startTime":1774468771515,"endTime":1774468771516.2183,"status":"passed","message":"","name":"/Users/leonidmolchanov/Desktop/merch-crm/app/(main)/dashboard/tasks/actions/__tests__/filter-preset-actions.test.ts"},{"assertionResults":[{"ancestorTitles":["task-history-actions"],"fullName":"task-history-actions should export functions","status":"passed","title":"should export functions","duration":0.6634170000033919,"failureMessages":[],"meta":{}},{"ancestorTitles":["task-history-actions"],"fullName":"task-history-actions should return unauthorized if no session","status":"passed","title":"should return unauthorized if no session","duration":0.24479100000462495,"failureMessages":[],"meta":{}}],"startTime":1774468771726,"endTime":1774468771726.6633,"status":"passed","message":"","name":"/Users/leonidmolchanov/Desktop/merch-crm/app/(main)/dashboard/tasks/actions/__tests__/task-history-actions.test.ts"},{"assertionResults":[{"ancestorTitles":["user-tasks-actions"],"fullName":"user-tasks-actions should export functions","status":"passed","title":"should export functions","duration":0.691833000004408,"failureMessages":[],"meta":{}},{"ancestorTitles":["user-tasks-actions"],"fullName":"user-tasks-actions should return unauthorized if no session","status":"passed","title":"should return unauthorized if no session","duration":0.3149590000102762,"failureMessages":[],"meta":{}}],"startTime":1774468771806,"endTime":1774468771806.692,"status":"passed","message":"","name":"/Users/leonidmolchanov/Desktop/merch-crm/app/(main)/dashboard/tasks/actions/__tests__/user-tasks-actions.test.ts"},{"assertionResults":[{"ancestorTitles":["watcher-actions"],"fullName":"watcher-actions should export functions","status":"passed","title":"should export functions","duration":0.5664170000090962,"failureMessages":[],"meta":{}},{"ancestorTitles":["watcher-actions"],"fullName":"watcher-actions should return unauthorized if no session","status":"passed","title":"should return unauthorized if no session","duration":0.24891700000443961,"failureMessages":[],"meta":{}}],"startTime":1774468771706,"endTime":1774468771707.249,"status":"passed","message":"","name":"/Users/leonidmolchanov/Desktop/merch-crm/app/(main)/dashboard/tasks/actions/__tests__/watcher-actions.test.ts"},{"assertionResults":[{"ancestorTitles":["export-actions","getProjectExports"],"fullName":"export-actions getProjectExports should return exports for a valid UUID","status":"passed","title":"should return exports for a valid UUID","duration":1.764500000004773,"failureMessages":[],"meta":{}},{"ancestorTitles":["export-actions","getProjectExports"],"fullName":"export-actions getProjectExports should return error for invalid UUID","status":"passed","title":"should return error for invalid UUID","duration":0.29708299999765586,"failureMessages":[],"meta":{}},{"ancestorTitles":["export-actions","getProjectExports"],"fullName":"export-actions getProjectExports should return error on DB failure","status":"passed","title":"should return error on DB failure","duration":0.408832999994047,"failureMessages":[],"meta":{}}],"startTime":1774468772315,"endTime":1774468772317.409,"status":"passed","message":"","name":"/Users/leonidmolchanov/Desktop/merch-crm/app/(main)/dashboard/design/editor/actions/__tests__/export-actions.test.ts"},{"assertionResults":[{"ancestorTitles":["font-actions","getSystemFonts"],"fullName":"font-actions getSystemFonts should return fonts on success","status":"passed","title":"should return fonts on success","duration":0.8964170000108425,"failureMessages":[],"meta":{}},{"ancestorTitles":["font-actions","getSystemFonts"],"fullName":"font-actions getSystemFonts should return error on failure","status":"passed","title":"should return error on failure","duration":0.48766700000851415,"failureMessages":[],"meta":{}}],"startTime":1774468772365,"endTime":1774468772366.4875,"status":"passed","message":"","name":"/Users/leonidmolchanov/Desktop/merch-crm/app/(main)/dashboard/design/editor/actions/__tests__/font-actions.test.ts"},{"assertionResults":[{"ancestorTitles":["project-actions","getEditorProjects"],"fullName":"project-actions getEditorProjects should return success and projects when database calls succeed","status":"passed","title":"should return success and projects when database calls succeed","duration":1.2789579999953276,"failureMessages":[],"meta":{}},{"ancestorTitles":["project-actions","getEditorProjects"],"fullName":"project-actions getEditorProjects should return error when database call fails","status":"passed","title":"should return error when database call fails","duration":3.940875000000233,"failureMessages":[],"meta":{}},{"ancestorTitles":["project-actions","createEditorProject"],"fullName":"project-actions createEditorProject should create a project and return success","status":"passed","title":"should create a project and return success","duration":0.593458000003011,"failureMessages":[],"meta":{}},{"ancestorTitles":["project-actions","createEditorProject"],"fullName":"project-actions createEditorProject should return error on validation failure","status":"passed","title":"should return error on validation failure","duration":0.5867920000018785,"failureMessages":[],"meta":{}}],"startTime":1774468771259,"endTime":1774468771265.587,"status":"passed","message":"","name":"/Users/leonidmolchanov/Desktop/merch-crm/app/(main)/dashboard/design/editor/actions/__tests__/project-actions.test.ts"},{"assertionResults":[{"ancestorTitles":["useFonts"],"fullName":"useFonts should load fonts on mount","status":"passed","title":"should load fonts on mount","duration":53.059459000010975,"failureMessages":[],"meta":{}},{"ancestorTitles":["useFonts"],"fullName":"useFonts should handle error when loading fonts fails","status":"passed","title":"should handle error when loading fonts fails","duration":54.31674999999814,"failureMessages":[],"meta":{}}],"startTime":1774468772148,"endTime":1774468772255.3167,"status":"passed","message":"","name":"/Users/leonidmolchanov/Desktop/merch-crm/app/(main)/dashboard/design/editor/hooks/__tests__/use-fonts.test.ts"},{"assertionResults":[{"ancestorTitles":["useProject"],"fullName":"useProject should load a project when projectId is provided","status":"passed","title":"should load a project when projectId is provided","duration":55.61374999998952,"failureMessages":[],"meta":{}},{"ancestorTitles":["useProject"],"fullName":"useProject should update canvas data and track unsaved changes","status":"passed","title":"should update canvas data and track unsaved changes","duration":0.8731249999982538,"failureMessages":[],"meta":{}},{"ancestorTitles":["useProject"],"fullName":"useProject should save a new project and update route","status":"passed","title":"should save a new project and update route","duration":0.678542000008747,"failureMessages":[],"meta":{}}],"startTime":1774468771433,"endTime":1774468771489.6785,"status":"passed","message":"","name":"/Users/leonidmolchanov/Desktop/merch-crm/app/(main)/dashboard/design/editor/hooks/__tests__/use-project.test.ts"},{"assertionResults":[{"ancestorTitles":["calculation-logic"],"fullName":"calculation-logic should calculate correct layout for a single group","status":"passed","title":"should calculate correct layout for a single group","duration":0.8215420000051381,"failureMessages":[],"meta":{}},{"ancestorTitles":["calculation-logic"],"fullName":"calculation-logic should handle empty groups","status":"passed","title":"should handle empty groups","duration":0.24216700000397395,"failureMessages":[],"meta":{}}],"startTime":1774468772050,"endTime":1774468772051.2422,"status":"passed","message":"","name":"/Users/leonidmolchanov/Desktop/merch-crm/app/(main)/dashboard/production/calculators/actions/__tests__/calculation-logic.test.ts"},{"assertionResults":[{"ancestorTitles":["consumables-actions","getConsumablesConfig"],"fullName":"consumables-actions getConsumablesConfig should return defaults if no config found","status":"passed","title":"should return defaults if no config found","duration":0.6791249999951106,"failureMessages":[],"meta":{}},{"ancestorTitles":["consumables-actions","getConsumablesConfig"],"fullName":"consumables-actions getConsumablesConfig should return found config","status":"passed","title":"should return found config","duration":0.26320899999700487,"failureMessages":[],"meta":{}}],"startTime":1774468771399,"endTime":1774468771400.2632,"status":"passed","message":"","name":"/Users/leonidmolchanov/Desktop/merch-crm/app/(main)/dashboard/production/calculators/actions/__tests__/consumables-actions.test.ts"}]}
