{"numTotalTestSuites":124,"numPassedTestSuites":123,"numFailedTestSuites":0,"numPendingTestSuites":1,"numTotalTests":302,"numPassedTests":294,"numFailedTests":0,"numPendingTests":0,"numTodoTests":0,"snapshot":{"added":0,"failure":false,"filesAdded":0,"filesRemoved":0,"filesRemovedList":[],"filesUnmatched":0,"filesUpdated":0,"matched":0,"total":0,"unchecked":0,"uncheckedKeysByFile":[],"unmatched":0,"updated":0,"didUpdate":false},"startTime":1772432309498,"success":true,"testResults":[{"assertionResults":[{"ancestorTitles":["Базовый тест"],"fullName":"Базовый тест должен выполнять простую арифметику","status":"passed","title":"должен выполнять простую арифметику","duration":1.1448749999999563,"failureMessages":[],"meta":{}}],"startTime":1772432314208,"endTime":1772432314209.1448,"status":"passed","message":"","name":"/Users/leonidmolchanov/Desktop/merch-crm/tests/example.test.ts"},{"assertionResults":[{"ancestorTitles":["Pagination"],"fullName":"Pagination renders pagination info correctly","status":"passed","title":"renders pagination info correctly","duration":29.1529579999999,"failureMessages":[],"meta":{}},{"ancestorTitles":["Pagination"],"fullName":"Pagination calls onPageChange when a number is clicked","status":"passed","title":"calls onPageChange when a number is clicked","duration":8.843250000000126,"failureMessages":[],"meta":{}},{"ancestorTitles":["Pagination"],"fullName":"Pagination updates URL when onPageChange is NOT provided","status":"passed","title":"updates URL when onPageChange is NOT provided","duration":3.5802909999999883,"failureMessages":[],"meta":{}},{"ancestorTitles":["Pagination"],"fullName":"Pagination disables \"Prev\" on first page and \"Next\" on last page","status":"passed","title":"disables \"Prev\" on first page and \"Next\" on last page","duration":12.060415999999805,"failureMessages":[],"meta":{}},{"ancestorTitles":["Pagination"],"fullName":"Pagination shows ellipsis correctly for many pages","status":"passed","title":"shows ellipsis correctly for many pages","duration":3.720874999999978,"failureMessages":[],"meta":{}},{"ancestorTitles":["Pagination"],"fullName":"Pagination uses correct genitive word for items","status":"passed","title":"uses correct genitive word for items","duration":1.0324590000000171,"failureMessages":[],"meta":{}}],"startTime":1772432311016,"endTime":1772432311074.0325,"status":"passed","message":"","name":"/Users/leonidmolchanov/Desktop/merch-crm/components/ui/pagination.test.tsx"},{"assertionResults":[{"ancestorTitles":["Select"],"fullName":"Select renders with label and placeholder correctly","status":"passed","title":"renders with label and placeholder correctly","duration":30.91670799999997,"failureMessages":[],"meta":{}},{"ancestorTitles":["Select"],"fullName":"Select shows selected option title","status":"passed","title":"shows selected option title","duration":2.3491670000000795,"failureMessages":[],"meta":{}},{"ancestorTitles":["Select"],"fullName":"Select opens popover on click and shows options","status":"passed","title":"opens popover on click and shows options","duration":329.77208299999984,"failureMessages":[],"meta":{}},{"ancestorTitles":["Select"],"fullName":"Select calls onChange when an option is selected","status":"passed","title":"calls onChange when an option is selected","duration":116.26829099999986,"failureMessages":[],"meta":{}},{"ancestorTitles":["Select"],"fullName":"Select filters options when searching","status":"passed","title":"filters options when searching","duration":239.02970800000003,"failureMessages":[],"meta":{}},{"ancestorTitles":["Select"],"fullName":"Select identifies grid layout automatically for small short options","status":"passed","title":"identifies grid layout automatically for small short options","duration":177.91924999999992,"failureMessages":[],"meta":{}},{"ancestorTitles":["Select"],"fullName":"Select disables trigger when disabled prop is true","status":"passed","title":"disables trigger when disabled prop is true","duration":32.622292000000016,"failureMessages":[],"meta":{}}],"startTime":1772432311321,"endTime":1772432312250.6223,"status":"passed","message":"","name":"/Users/leonidmolchanov/Desktop/merch-crm/components/ui/select.test.tsx"},{"assertionResults":[{"ancestorTitles":["SubmitButton"],"fullName":"SubmitButton renders with children correctly","status":"passed","title":"renders with children correctly","duration":27.13129200000003,"failureMessages":[],"meta":{}},{"ancestorTitles":["SubmitButton"],"fullName":"SubmitButton renders with text prop correctly","status":"passed","title":"renders with text prop correctly","duration":3.6505419999998594,"failureMessages":[],"meta":{}},{"ancestorTitles":["SubmitButton"],"fullName":"SubmitButton shows loading state when isLoading prop is true","status":"passed","title":"shows loading state when isLoading prop is true","duration":113.0646670000001,"failureMessages":[],"meta":{}},{"ancestorTitles":["SubmitButton"],"fullName":"SubmitButton shows loadingText when in loading state","status":"passed","title":"shows loadingText when in loading state","duration":9.241042000000107,"failureMessages":[],"meta":{}},{"ancestorTitles":["SubmitButton"],"fullName":"SubmitButton shows pending state from useFormStatus","status":"passed","title":"shows pending state from useFormStatus","duration":34.206957999999986,"failureMessages":[],"meta":{}},{"ancestorTitles":["SubmitButton"],"fullName":"SubmitButton is disabled when disabled prop is true","status":"passed","title":"is disabled when disabled prop is true","duration":25.153291999999965,"failureMessages":[],"meta":{}}],"startTime":1772432311016,"endTime":1772432311229.1533,"status":"passed","message":"","name":"/Users/leonidmolchanov/Desktop/merch-crm/components/ui/submit-button.test.tsx"},{"assertionResults":[{"ancestorTitles":["Admin Panel Actions","getCurrentUserAction"],"fullName":"Admin Panel Actions getCurrentUserAction возвращает текущего пользователя при наличии сессии","status":"passed","title":"возвращает текущего пользователя при наличии сессии","duration":1.3752920000001723,"failureMessages":[],"meta":{}},{"ancestorTitles":["Admin Panel Actions","getCurrentUserAction"],"fullName":"Admin Panel Actions getCurrentUserAction возвращает ошибку если нет сессии","status":"passed","title":"возвращает ошибку если нет сессии","duration":0.17162499999994907,"failureMessages":[],"meta":{}},{"ancestorTitles":["Admin Panel Actions","getUsers"],"fullName":"Admin Panel Actions getUsers возвращает список пользователей","status":"passed","title":"возвращает список пользователей","duration":0.6645840000001044,"failureMessages":[],"meta":{}},{"ancestorTitles":["Admin Panel Actions","createUser"],"fullName":"Admin Panel Actions createUser создает пользователя при валидных данных","status":"passed","title":"создает пользователя при валидных данных","duration":1.0817080000001624,"failureMessages":[],"meta":{}},{"ancestorTitles":["Admin Panel Actions","updateUser"],"fullName":"Admin Panel Actions updateUser обновляет пользователя при валидных данных","status":"passed","title":"обновляет пользователя при валидных данных","duration":0.4668329999999514,"failureMessages":[],"meta":{}},{"ancestorTitles":["Admin Panel Actions","deleteUser"],"fullName":"Admin Panel Actions deleteUser удаляет пользователя","status":"passed","title":"удаляет пользователя","duration":0.13704199999983757,"failureMessages":[],"meta":{}},{"ancestorTitles":["Admin Panel Actions","System Settings & Branding"],"fullName":"Admin Panel Actions System Settings & Branding getSystemSettings возвращает настройки","status":"passed","title":"getSystemSettings возвращает настройки","duration":0.15770800000018426,"failureMessages":[],"meta":{}},{"ancestorTitles":["Admin Panel Actions","System Settings & Branding"],"fullName":"Admin Panel Actions System Settings & Branding updateBrandingAction обновляет брендинг","status":"passed","title":"updateBrandingAction обновляет брендинг","duration":0.835207999999966,"failureMessages":[],"meta":{}},{"ancestorTitles":["Admin Panel Actions","Notifications"],"fullName":"Admin Panel Actions Notifications getNotificationSettingsAction возвращает настройки","status":"passed","title":"getNotificationSettingsAction возвращает настройки","duration":0.13854200000014316,"failureMessages":[],"meta":{}},{"ancestorTitles":["Admin Panel Actions","Backup & Logs"],"fullName":"Admin Panel Actions Backup & Logs createDatabaseBackup вызывает функцию бэкапа","status":"passed","title":"createDatabaseBackup вызывает функцию бэкапа","duration":0.46412499999996726,"failureMessages":[],"meta":{}},{"ancestorTitles":["Admin Panel Actions","Backup & Logs"],"fullName":"Admin Panel Actions Backup & Logs clearAuditLogs очищает логи","status":"passed","title":"clearAuditLogs очищает логи","duration":0.13162499999998545,"failureMessages":[],"meta":{}}],"startTime":1772432315339,"endTime":1772432315345.464,"status":"passed","message":"","name":"/Users/leonidmolchanov/Desktop/merch-crm/tests/admin/admin.test.ts"},{"assertionResults":[{"ancestorTitles":["loginAction"],"fullName":"loginAction возвращает ошибку при пустом email/пароле","status":"passed","title":"возвращает ошибку при пустом email/пароле","duration":1.1816250000001673,"failureMessages":[],"meta":{}},{"ancestorTitles":["loginAction"],"fullName":"loginAction возвращает ошибку при превышении rate limit","status":"passed","title":"возвращает ошибку при превышении rate limit","duration":0.23454199999991943,"failureMessages":[],"meta":{}},{"ancestorTitles":["loginAction"],"fullName":"loginAction возвращает ошибку если пользователь не найден","status":"passed","title":"возвращает ошибку если пользователь не найден","duration":0.5634169999998448,"failureMessages":[],"meta":{}},{"ancestorTitles":["loginAction"],"fullName":"loginAction возвращает ошибку при неверном пароле","status":"passed","title":"возвращает ошибку при неверном пароле","duration":0.15879099999983737,"failureMessages":[],"meta":{}},{"ancestorTitles":["loginAction"],"fullName":"loginAction успешный вход устанавливает cookie и делает redirect","status":"passed","title":"успешный вход устанавливает cookie и делает redirect","duration":0.7961669999999685,"failureMessages":[],"meta":{}}],"startTime":1772432312169,"endTime":1772432312171.7961,"status":"passed","message":"","name":"/Users/leonidmolchanov/Desktop/merch-crm/tests/auth/login.test.ts"},{"assertionResults":[{"ancestorTitles":["getManagers"],"fullName":"getManagers возвращает список менеджеров","status":"passed","title":"возвращает список менеджеров","duration":2.6322500000001128,"failureMessages":[],"meta":{}},{"ancestorTitles":["getManagers"],"fullName":"getManagers возвращает ошибку при сбое БД","status":"passed","title":"возвращает ошибку при сбое БД","duration":0.9290000000000873,"failureMessages":[],"meta":{}},{"ancestorTitles":["getClients"],"fullName":"getClients возвращает список клиентов с пагинацией","status":"passed","title":"возвращает список клиентов с пагинацией","duration":2.9815830000000005,"failureMessages":[],"meta":{}},{"ancestorTitles":["checkClientDuplicates"],"fullName":"checkClientDuplicates возвращает пустой массив при пустых данных","status":"passed","title":"возвращает пустой массив при пустых данных","duration":0.6507090000000062,"failureMessages":[],"meta":{}},{"ancestorTitles":["checkClientDuplicates"],"fullName":"checkClientDuplicates возвращает пустой массив при слишком коротком номере телефона","status":"passed","title":"возвращает пустой массив при слишком коротком номере телефона","duration":0.2662920000000213,"failureMessages":[],"meta":{}},{"ancestorTitles":["checkClientDuplicates"],"fullName":"checkClientDuplicates ищет дубликаты по телефону","status":"passed","title":"ищет дубликаты по телефону","duration":0.5074999999999363,"failureMessages":[],"meta":{}},{"ancestorTitles":["addClient"],"fullName":"addClient возвращает ошибку если нет сессии","status":"passed","title":"возвращает ошибку если нет сессии","duration":1.1360829999998714,"failureMessages":[],"meta":{}},{"ancestorTitles":["addClient"],"fullName":"addClient возвращает ошибку при невалидных данных","status":"passed","title":"возвращает ошибку при невалидных данных","duration":2.6920420000001286,"failureMessages":[],"meta":{}},{"ancestorTitles":["addClient"],"fullName":"addClient создаёт клиента при валидных данных","status":"passed","title":"создаёт клиента при валидных данных","duration":0.8079999999999927,"failureMessages":[],"meta":{}},{"ancestorTitles":["updateClient"],"fullName":"updateClient возвращает ошибку если нет сессии","status":"passed","title":"возвращает ошибку если нет сессии","duration":0.4560420000000249,"failureMessages":[],"meta":{}},{"ancestorTitles":["updateClient"],"fullName":"updateClient обновляет клиента при валидных данных","status":"passed","title":"обновляет клиента при валидных данных","duration":1.552167000000054,"failureMessages":[],"meta":{}},{"ancestorTitles":["deleteClient"],"fullName":"deleteClient возвращает ошибку если нет сессии","status":"passed","title":"возвращает ошибку если нет сессии","duration":0.31987499999991087,"failureMessages":[],"meta":{}},{"ancestorTitles":["deleteClient"],"fullName":"deleteClient возвращает ошибку если не администратор","status":"passed","title":"возвращает ошибку если не администратор","duration":0.37725000000000364,"failureMessages":[],"meta":{}},{"ancestorTitles":["deleteClient"],"fullName":"deleteClient удаляет клиента для администратора","status":"passed","title":"удаляет клиента для администратора","duration":0.7541249999999309,"failureMessages":[],"meta":{}},{"ancestorTitles":["toggleClientArchived"],"fullName":"toggleClientArchived возвращает ошибку если нет сессии","status":"passed","title":"возвращает ошибку если нет сессии","duration":0.6650830000000951,"failureMessages":[],"meta":{}},{"ancestorTitles":["toggleClientArchived"],"fullName":"toggleClientArchived архивирует клиента","status":"passed","title":"архивирует клиента","duration":0.5707919999999831,"failureMessages":[],"meta":{}},{"ancestorTitles":["bulkDeleteClients"],"fullName":"bulkDeleteClients возвращает ошибку если нет сессии","status":"passed","title":"возвращает ошибку если нет сессии","duration":0.9272919999998521,"failureMessages":[],"meta":{}},{"ancestorTitles":["bulkDeleteClients"],"fullName":"bulkDeleteClients возвращает ошибку при пустом массиве","status":"passed","title":"возвращает ошибку при пустом массиве","duration":0.5597500000001219,"failureMessages":[],"meta":{}},{"ancestorTitles":["bulkDeleteClients"],"fullName":"bulkDeleteClients возвращает ошибку если не администратор","status":"passed","title":"возвращает ошибку если не администратор","duration":0.21583299999997507,"failureMessages":[],"meta":{}},{"ancestorTitles":["bulkDeleteClients"],"fullName":"bulkDeleteClients удаляет клиентов массово для администратора","status":"passed","title":"удаляет клиентов массово для администратора","duration":1.8967090000001008,"failureMessages":[],"meta":{}}],"startTime":1772432312834,"endTime":1772432312855.8967,"status":"passed","message":"","name":"/Users/leonidmolchanov/Desktop/merch-crm/tests/dashboard/clients.test.ts"},{"assertionResults":[{"ancestorTitles":["getDesignStats"],"fullName":"getDesignStats возвращает ошибку если нет сессии","status":"passed","title":"возвращает ошибку если нет сессии","duration":1.3920409999999492,"failureMessages":[],"meta":{}},{"ancestorTitles":["getDesignStats"],"fullName":"getDesignStats возвращает статистику дизайна","status":"passed","title":"возвращает статистику дизайна","duration":0.43391700000006495,"failureMessages":[],"meta":{}},{"ancestorTitles":["getDesignStats"],"fullName":"getDesignStats возвращает ошибку при сбое БД","status":"passed","title":"возвращает ошибку при сбое БД","duration":0.190166999999974,"failureMessages":[],"meta":{}},{"ancestorTitles":["getDesignOrders"],"fullName":"getDesignOrders возвращает ошибку если нет сессии","status":"passed","title":"возвращает ошибку если нет сессии","duration":0.1331670000000713,"failureMessages":[],"meta":{}},{"ancestorTitles":["getDesignOrders"],"fullName":"getDesignOrders возвращает ошибку при невалидных параметрах","status":"passed","title":"возвращает ошибку при невалидных параметрах","duration":0.791417000000024,"failureMessages":[],"meta":{}},{"ancestorTitles":["getDesignOrders"],"fullName":"getDesignOrders возвращает список заказов в статусе design","status":"passed","title":"возвращает список заказов в статусе design","duration":0.4987909999999829,"failureMessages":[],"meta":{}},{"ancestorTitles":["getDesignOrders"],"fullName":"getDesignOrders возвращает ошибку при сбое БД","status":"passed","title":"возвращает ошибку при сбое БД","duration":0.11258299999997234,"failureMessages":[],"meta":{}}],"startTime":1772432314463,"endTime":1772432314467.1125,"status":"passed","message":"","name":"/Users/leonidmolchanov/Desktop/merch-crm/tests/dashboard/design.test.ts"},{"assertionResults":[{"ancestorTitles":["getFinancialStats"],"fullName":"getFinancialStats возвращает ошибку если нет сессии","status":"passed","title":"возвращает ошибку если нет сессии","duration":1.0950000000000273,"failureMessages":[],"meta":{}},{"ancestorTitles":["getFinancialStats"],"fullName":"getFinancialStats возвращает ошибку если нет прав (не Администратор/Руководство)","status":"passed","title":"возвращает ошибку если нет прав (не Администратор/Руководство)","duration":0.21354199999996126,"failureMessages":[],"meta":{}},{"ancestorTitles":["getFinancialStats"],"fullName":"getFinancialStats возвращает финансовую статистику для Администратора","status":"passed","title":"возвращает финансовую статистику для Администратора","duration":1.4960829999999987,"failureMessages":[],"meta":{}},{"ancestorTitles":["createExpense"],"fullName":"createExpense возвращает ошибку если нет сессии","status":"passed","title":"возвращает ошибку если нет сессии","duration":0.26262500000007094,"failureMessages":[],"meta":{}},{"ancestorTitles":["createExpense"],"fullName":"createExpense возвращает ошибку при невалидных данных","status":"passed","title":"возвращает ошибку при невалидных данных","duration":0.923917000000074,"failureMessages":[],"meta":{}},{"ancestorTitles":["createExpense"],"fullName":"createExpense создаёт расход при валидных данных","status":"passed","title":"создаёт расход при валидных данных","duration":0.5383750000000873,"failureMessages":[],"meta":{}},{"ancestorTitles":["createExpense"],"fullName":"createExpense возвращает ошибку при сбое БД","status":"passed","title":"возвращает ошибку при сбое БД","duration":0.27208299999983865,"failureMessages":[],"meta":{}},{"ancestorTitles":["getFinanceTransactions"],"fullName":"getFinanceTransactions возвращает ошибку если нет сессии","status":"passed","title":"возвращает ошибку если нет сессии","duration":0.20212499999979627,"failureMessages":[],"meta":{}},{"ancestorTitles":["getFinanceTransactions"],"fullName":"getFinanceTransactions возвращает платежи при типе payment","status":"passed","title":"возвращает платежи при типе payment","duration":0.1440420000001268,"failureMessages":[],"meta":{}},{"ancestorTitles":["getFinanceTransactions"],"fullName":"getFinanceTransactions возвращает расходы при типе expense","status":"passed","title":"возвращает расходы при типе expense","duration":0.13175000000001091,"failureMessages":[],"meta":{}},{"ancestorTitles":["getPLReport"],"fullName":"getPLReport возвращает ошибку если нет сессии","status":"passed","title":"возвращает ошибку если нет сессии","duration":0.3186670000000049,"failureMessages":[],"meta":{}},{"ancestorTitles":["getPLReport"],"fullName":"getPLReport возвращает P&L отчёт","status":"passed","title":"возвращает P&L отчёт","duration":0.4071249999999509,"failureMessages":[],"meta":{}},{"ancestorTitles":["validatePromocode"],"fullName":"validatePromocode возвращает ошибку если нет сессии","status":"passed","title":"возвращает ошибку если нет сессии","duration":0.14087500000005093,"failureMessages":[],"meta":{}},{"ancestorTitles":["validatePromocode"],"fullName":"validatePromocode возвращает данные промокода при успешной валидации","status":"passed","title":"возвращает данные промокода при успешной валидации","duration":0.0881249999999909,"failureMessages":[],"meta":{}},{"ancestorTitles":["validatePromocode"],"fullName":"validatePromocode возвращает ошибку при невалидном промокоде","status":"passed","title":"возвращает ошибку при невалидном промокоде","duration":0.13545899999985522,"failureMessages":[],"meta":{}}],"startTime":1772432314776,"endTime":1772432314782.4072,"status":"passed","message":"","name":"/Users/leonidmolchanov/Desktop/merch-crm/tests/dashboard/finance.test.ts"},{"assertionResults":[{"ancestorTitles":["getWikiFolders"],"fullName":"getWikiFolders возвращает ошибку если нет сессии","status":"passed","title":"возвращает ошибку если нет сессии","duration":0.9917080000000169,"failureMessages":[],"meta":{}},{"ancestorTitles":["getWikiFolders"],"fullName":"getWikiFolders возвращает список папок","status":"passed","title":"возвращает список папок","duration":0.24404200000003584,"failureMessages":[],"meta":{}},{"ancestorTitles":["getWikiFolders"],"fullName":"getWikiFolders возвращает ошибку при сбое БД","status":"passed","title":"возвращает ошибку при сбое БД","duration":0.23158300000000054,"failureMessages":[],"meta":{}},{"ancestorTitles":["createWikiFolder"],"fullName":"createWikiFolder возвращает ошибку если нет сессии","status":"passed","title":"возвращает ошибку если нет сессии","duration":0.18058400000018082,"failureMessages":[],"meta":{}},{"ancestorTitles":["createWikiFolder"],"fullName":"createWikiFolder возвращает ошибку если нет прав (роль Менеджер)","status":"passed","title":"возвращает ошибку если нет прав (роль Менеджер)","duration":0.1221250000000964,"failureMessages":[],"meta":{}},{"ancestorTitles":["createWikiFolder"],"fullName":"createWikiFolder возвращает ошибку при пустом имени","status":"passed","title":"возвращает ошибку при пустом имени","duration":0.7284169999998085,"failureMessages":[],"meta":{}},{"ancestorTitles":["createWikiFolder"],"fullName":"createWikiFolder создаёт папку при валидных данных","status":"passed","title":"создаёт папку при валидных данных","duration":0.22216600000001563,"failureMessages":[],"meta":{}},{"ancestorTitles":["getWikiPages"],"fullName":"getWikiPages возвращает ошибку если нет сессии","status":"passed","title":"возвращает ошибку если нет сессии","duration":0.13312500000006366,"failureMessages":[],"meta":{}},{"ancestorTitles":["getWikiPages"],"fullName":"getWikiPages возвращает все статьи без фильтра папки","status":"passed","title":"возвращает все статьи без фильтра папки","duration":0.13504200000011224,"failureMessages":[],"meta":{}},{"ancestorTitles":["getWikiPages"],"fullName":"getWikiPages возвращает статьи из папки","status":"passed","title":"возвращает статьи из папки","duration":0.5263749999999163,"failureMessages":[],"meta":{}},{"ancestorTitles":["getWikiPageDetail"],"fullName":"getWikiPageDetail возвращает ошибку если нет сессии","status":"passed","title":"возвращает ошибку если нет сессии","duration":0.12087499999984175,"failureMessages":[],"meta":{}},{"ancestorTitles":["getWikiPageDetail"],"fullName":"getWikiPageDetail возвращает детали статьи","status":"passed","title":"возвращает детали статьи","duration":0.10562499999991815,"failureMessages":[],"meta":{}},{"ancestorTitles":["createWikiPage"],"fullName":"createWikiPage возвращает ошибку если нет прав","status":"passed","title":"возвращает ошибку если нет прав","duration":0.16420799999991686,"failureMessages":[],"meta":{}},{"ancestorTitles":["createWikiPage"],"fullName":"createWikiPage возвращает ошибку при пустом заголовке","status":"passed","title":"возвращает ошибку при пустом заголовке","duration":0.28216699999984485,"failureMessages":[],"meta":{}},{"ancestorTitles":["createWikiPage"],"fullName":"createWikiPage создаёт статью при валидных данных","status":"passed","title":"создаёт статью при валидных данных","duration":0.23983399999997346,"failureMessages":[],"meta":{}},{"ancestorTitles":["updateWikiPage"],"fullName":"updateWikiPage возвращает ошибку если нет прав","status":"passed","title":"возвращает ошибку если нет прав","duration":0.16895799999997507,"failureMessages":[],"meta":{}},{"ancestorTitles":["updateWikiPage"],"fullName":"updateWikiPage обновляет статью","status":"passed","title":"обновляет статью","duration":0.4307499999999891,"failureMessages":[],"meta":{}},{"ancestorTitles":["deleteWikiPage"],"fullName":"deleteWikiPage возвращает ошибку если нет прав","status":"passed","title":"возвращает ошибку если нет прав","duration":0.16916700000001583,"failureMessages":[],"meta":{}},{"ancestorTitles":["deleteWikiPage"],"fullName":"deleteWikiPage возвращает ошибку при пустом ID","status":"passed","title":"возвращает ошибку при пустом ID","duration":0.08591699999988123,"failureMessages":[],"meta":{}},{"ancestorTitles":["deleteWikiPage"],"fullName":"deleteWikiPage удаляет статью","status":"passed","title":"удаляет статью","duration":0.09287500000004911,"failureMessages":[],"meta":{}}],"startTime":1772432314041,"endTime":1772432314047.1692,"status":"passed","message":"","name":"/Users/leonidmolchanov/Desktop/merch-crm/tests/dashboard/knowledge-base.test.ts"},{"assertionResults":[{"ancestorTitles":["getOrders"],"fullName":"getOrders возвращает список заказов с пагинацией","status":"passed","title":"возвращает список заказов с пагинацией","duration":1.1265830000002097,"failureMessages":[],"meta":{}},{"ancestorTitles":["getOrders"],"fullName":"getOrders возвращает ошибку при сбое БД","status":"passed","title":"возвращает ошибку при сбое БД","duration":0.29004200000008495,"failureMessages":[],"meta":{}},{"ancestorTitles":["searchClients"],"fullName":"searchClients возвращает пустой результат при слишком коротком запросе","status":"passed","title":"возвращает пустой результат при слишком коротком запросе","duration":0.4302499999998872,"failureMessages":[],"meta":{}},{"ancestorTitles":["searchClients"],"fullName":"searchClients возвращает пустой массив при пустом запросе","status":"passed","title":"возвращает пустой массив при пустом запросе","duration":0.15395799999987503,"failureMessages":[],"meta":{}},{"ancestorTitles":["searchClients"],"fullName":"searchClients ищет клиентов по запросу","status":"passed","title":"ищет клиентов по запросу","duration":0.15099999999983993,"failureMessages":[],"meta":{}},{"ancestorTitles":["getClientsForSelect"],"fullName":"getClientsForSelect возвращает клиентов для выбора","status":"passed","title":"возвращает клиентов для выбора","duration":0.1877079999999296,"failureMessages":[],"meta":{}},{"ancestorTitles":["getInventoryForSelect"],"fullName":"getInventoryForSelect возвращает товары для выбора","status":"passed","title":"возвращает товары для выбора","duration":0.25483299999996234,"failureMessages":[],"meta":{}},{"ancestorTitles":["createOrder"],"fullName":"createOrder возвращает ошибку если нет сессии","status":"passed","title":"возвращает ошибку если нет сессии","duration":0.2960419999999431,"failureMessages":[],"meta":{}},{"ancestorTitles":["createOrder"],"fullName":"createOrder возвращает ошибку при невалидных данных","status":"passed","title":"возвращает ошибку при невалидных данных","duration":1.7436659999998483,"failureMessages":[],"meta":{}},{"ancestorTitles":["createOrder"],"fullName":"createOrder создаёт заказ при валидных данных","status":"passed","title":"создаёт заказ при валидных данных","duration":0.9724160000000666,"failureMessages":[],"meta":{}},{"ancestorTitles":["updateOrderStatus"],"fullName":"updateOrderStatus возвращает ошибку если нет сессии","status":"passed","title":"возвращает ошибку если нет сессии","duration":0.23304099999995742,"failureMessages":[],"meta":{}},{"ancestorTitles":["updateOrderStatus"],"fullName":"updateOrderStatus возвращает ошибку при невалидном статусе","status":"passed","title":"возвращает ошибку при невалидном статусе","duration":0.25749999999970896,"failureMessages":[],"meta":{}},{"ancestorTitles":["updateOrderStatus"],"fullName":"updateOrderStatus обновляет статус заказа","status":"passed","title":"обновляет статус заказа","duration":3.1506250000002183,"failureMessages":[],"meta":{}},{"ancestorTitles":["updateOrderPriority"],"fullName":"updateOrderPriority возвращает ошибку если нет сессии","status":"passed","title":"возвращает ошибку если нет сессии","duration":0.33158300000013696,"failureMessages":[],"meta":{}},{"ancestorTitles":["updateOrderPriority"],"fullName":"updateOrderPriority возвращает ошибку при невалидном приоритете","status":"passed","title":"возвращает ошибку при невалидном приоритете","duration":0.29779099999996106,"failureMessages":[],"meta":{}},{"ancestorTitles":["updateOrderPriority"],"fullName":"updateOrderPriority обновляет приоритет заказа","status":"passed","title":"обновляет приоритет заказа","duration":0.29008299999986775,"failureMessages":[],"meta":{}},{"ancestorTitles":["archiveOrder"],"fullName":"archiveOrder возвращает ошибку если нет сессии","status":"passed","title":"возвращает ошибку если нет сессии","duration":0.17050000000017462,"failureMessages":[],"meta":{}},{"ancestorTitles":["archiveOrder"],"fullName":"archiveOrder возвращает ошибку если нет прав","status":"passed","title":"возвращает ошибку если нет прав","duration":0.2383749999999054,"failureMessages":[],"meta":{}},{"ancestorTitles":["archiveOrder"],"fullName":"archiveOrder архивирует заказ для администратора","status":"passed","title":"архивирует заказ для администратора","duration":0.15787500000033106,"failureMessages":[],"meta":{}},{"ancestorTitles":["bulkDeleteOrders"],"fullName":"bulkDeleteOrders возвращает ошибку если нет сессии","status":"passed","title":"возвращает ошибку если нет сессии","duration":0.15908300000000963,"failureMessages":[],"meta":{}},{"ancestorTitles":["bulkDeleteOrders"],"fullName":"bulkDeleteOrders возвращает ошибку если нет прав","status":"passed","title":"возвращает ошибку если нет прав","duration":0.13712500000019645,"failureMessages":[],"meta":{}},{"ancestorTitles":["bulkDeleteOrders"],"fullName":"bulkDeleteOrders удаляет заказы массово для администратора","status":"passed","title":"удаляет заказы массово для администратора","duration":0.4985830000000533,"failureMessages":[],"meta":{}}],"startTime":1772432315369,"endTime":1772432315380.4985,"status":"passed","message":"","name":"/Users/leonidmolchanov/Desktop/merch-crm/tests/dashboard/orders.test.ts"},{"assertionResults":[{"ancestorTitles":["updateProductionStageAction"],"fullName":"updateProductionStageAction возвращает ошибку если нет сессии","status":"passed","title":"возвращает ошибку если нет сессии","duration":2.38212499999986,"failureMessages":[],"meta":{}},{"ancestorTitles":["updateProductionStageAction"],"fullName":"updateProductionStageAction возвращает ошибку при невалидном UUID","status":"passed","title":"возвращает ошибку при невалидном UUID","duration":2.236457999999857,"failureMessages":[],"meta":{}},{"ancestorTitles":["updateProductionStageAction"],"fullName":"updateProductionStageAction возвращает ошибку при невалидном этапе","status":"passed","title":"возвращает ошибку при невалидном этапе","duration":0.8388750000001437,"failureMessages":[],"meta":{}},{"ancestorTitles":["updateProductionStageAction"],"fullName":"updateProductionStageAction обновляет этап производства при валидных данных","status":"passed","title":"обновляет этап производства при валидных данных","duration":0.8768750000001546,"failureMessages":[],"meta":{}},{"ancestorTitles":["getProductionStats"],"fullName":"getProductionStats возвращает нули если нет сессии (публичные данные)","status":"passed","title":"возвращает нули если нет сессии (публичные данные)","duration":0.48470799999995506,"failureMessages":[],"meta":{}},{"ancestorTitles":["getProductionStats"],"fullName":"getProductionStats возвращает статистику производства","status":"passed","title":"возвращает статистику производства","duration":0.4415000000001328,"failureMessages":[],"meta":{}},{"ancestorTitles":["getProductionItems"],"fullName":"getProductionItems возвращает пустой массив если нет сессии","status":"passed","title":"возвращает пустой массив если нет сессии","duration":0.3389999999999418,"failureMessages":[],"meta":{}},{"ancestorTitles":["getProductionItems"],"fullName":"getProductionItems возвращает позиции производства","status":"passed","title":"возвращает позиции производства","duration":0.5067910000000211,"failureMessages":[],"meta":{}},{"ancestorTitles":["reportProductionDefect"],"fullName":"reportProductionDefect возвращает ошибку если нет сессии","status":"passed","title":"возвращает ошибку если нет сессии","duration":0.17029199999979028,"failureMessages":[],"meta":{}},{"ancestorTitles":["reportProductionDefect"],"fullName":"reportProductionDefect возвращает ошибку при невалидных данных (отрицательное количество)","status":"passed","title":"возвращает ошибку при невалидных данных (отрицательное количество)","duration":0.36783300000001873,"failureMessages":[],"meta":{}},{"ancestorTitles":["reportProductionDefect"],"fullName":"reportProductionDefect возвращает ошибку если позиция не найдена","status":"passed","title":"возвращает ошибку если позиция не найдена","duration":0.306583000000046,"failureMessages":[],"meta":{}},{"ancestorTitles":["reportProductionDefect"],"fullName":"reportProductionDefect фиксирует брак при валидных данных","status":"passed","title":"фиксирует брак при валидных данных","duration":0.16979200000014316,"failureMessages":[],"meta":{}}],"startTime":1772432313792,"endTime":1772432313801.3066,"status":"passed","message":"","name":"/Users/leonidmolchanov/Desktop/merch-crm/tests/dashboard/production.test.ts"},{"assertionResults":[{"ancestorTitles":["getUserProfile"],"fullName":"getUserProfile возвращает ошибку если нет сессии","status":"passed","title":"возвращает ошибку если нет сессии","duration":0.8838329999998678,"failureMessages":[],"meta":{}},{"ancestorTitles":["getUserProfile"],"fullName":"getUserProfile возвращает ошибку если пользователь не найден","status":"passed","title":"возвращает ошибку если пользователь не найден","duration":0.7857920000001286,"failureMessages":[],"meta":{}},{"ancestorTitles":["getUserProfile"],"fullName":"getUserProfile возвращает профиль пользователя","status":"passed","title":"возвращает профиль пользователя","duration":0.5098339999999553,"failureMessages":[],"meta":{}},{"ancestorTitles":["updateProfile"],"fullName":"updateProfile возвращает ошибку если нет сессии","status":"passed","title":"возвращает ошибку если нет сессии","duration":0.5776249999998981,"failureMessages":[],"meta":{}},{"ancestorTitles":["updateProfile"],"fullName":"updateProfile возвращает ошибку при пустом имени","status":"passed","title":"возвращает ошибку при пустом имени","duration":1.771792000000005,"failureMessages":[],"meta":{}},{"ancestorTitles":["updateProfile"],"fullName":"updateProfile обновляет профиль при валидных данных","status":"passed","title":"обновляет профиль при валидных данных","duration":0.6889999999998508,"failureMessages":[],"meta":{}},{"ancestorTitles":["updatePassword"],"fullName":"updatePassword возвращает ошибку если нет сессии","status":"passed","title":"возвращает ошибку если нет сессии","duration":0.4278340000000753,"failureMessages":[],"meta":{}},{"ancestorTitles":["updatePassword"],"fullName":"updatePassword возвращает ошибку если пароли не совпадают","status":"passed","title":"возвращает ошибку если пароли не совпадают","duration":0.426082999999835,"failureMessages":[],"meta":{}},{"ancestorTitles":["updatePassword"],"fullName":"updatePassword возвращает ошибку при неверном текущем пароле","status":"passed","title":"возвращает ошибку при неверном текущем пароле","duration":0.16120900000032634,"failureMessages":[],"meta":{}},{"ancestorTitles":["updatePassword"],"fullName":"updatePassword обновляет пароль при верных данных","status":"passed","title":"обновляет пароль при верных данных","duration":0.22487500000033833,"failureMessages":[],"meta":{}},{"ancestorTitles":["getUserStatistics"],"fullName":"getUserStatistics возвращает ошибку если нет сессии","status":"passed","title":"возвращает ошибку если нет сессии","duration":0.4337909999999283,"failureMessages":[],"meta":{}},{"ancestorTitles":["getUserStatistics"],"fullName":"getUserStatistics возвращает статистику пользователя","status":"passed","title":"возвращает статистику пользователя","duration":0.8429579999997259,"failureMessages":[],"meta":{}},{"ancestorTitles":["getUpcomingBirthdays"],"fullName":"getUpcomingBirthdays возвращает список именинников сегодня","status":"passed","title":"возвращает список именинников сегодня","duration":2.552625000000262,"failureMessages":[],"meta":{}},{"ancestorTitles":["getUpcomingBirthdays"],"fullName":"getUpcomingBirthdays возвращает пустой массив если именинников нет","status":"passed","title":"возвращает пустой массив если именинников нет","duration":0.6024999999999636,"failureMessages":[],"meta":{}},{"ancestorTitles":["getUserSchedule"],"fullName":"getUserSchedule возвращает ошибку если нет сессии","status":"passed","title":"возвращает ошибку если нет сессии","duration":0.30616699999973207,"failureMessages":[],"meta":{}},{"ancestorTitles":["getUserSchedule"],"fullName":"getUserSchedule возвращает задачи пользователя","status":"passed","title":"возвращает задачи пользователя","duration":0.14495799999986048,"failureMessages":[],"meta":{}},{"ancestorTitles":["getUserActivities"],"fullName":"getUserActivities возвращает ошибку если нет сессии","status":"passed","title":"возвращает ошибку если нет сессии","duration":0.333042000000205,"failureMessages":[],"meta":{}},{"ancestorTitles":["getUserActivities"],"fullName":"getUserActivities возвращает историю активности пользователя","status":"passed","title":"возвращает историю активности пользователя","duration":0.13295900000002803,"failureMessages":[],"meta":{}}],"startTime":1772432314349,"endTime":1772432314362.133,"status":"passed","message":"","name":"/Users/leonidmolchanov/Desktop/merch-crm/tests/dashboard/profile.test.ts"},{"assertionResults":[{"ancestorTitles":["getPromocodes"],"fullName":"getPromocodes возвращает список промокодов","status":"passed","title":"возвращает список промокодов","duration":0.9908750000001874,"failureMessages":[],"meta":{}},{"ancestorTitles":["getPromocodes"],"fullName":"getPromocodes возвращает ошибку при сбое БД","status":"passed","title":"возвращает ошибку при сбое БД","duration":0.2637499999998454,"failureMessages":[],"meta":{}},{"ancestorTitles":["createPromocode"],"fullName":"createPromocode возвращает ошибку если нет сессии","status":"passed","title":"возвращает ошибку если нет сессии","duration":4.9904169999999795,"failureMessages":[],"meta":{}},{"ancestorTitles":["createPromocode"],"fullName":"createPromocode возвращает ошибку при слишком коротком коде","status":"passed","title":"возвращает ошибку при слишком коротком коде","duration":3.4904160000000957,"failureMessages":[],"meta":{}},{"ancestorTitles":["createPromocode"],"fullName":"createPromocode создаёт промокод при валидных данных","status":"passed","title":"создаёт промокод при валидных данных","duration":0.3052499999998872,"failureMessages":[],"meta":{}},{"ancestorTitles":["updatePromocode"],"fullName":"updatePromocode возвращает ошибку если нет сессии","status":"passed","title":"возвращает ошибку если нет сессии","duration":0.1646250000001146,"failureMessages":[],"meta":{}},{"ancestorTitles":["updatePromocode"],"fullName":"updatePromocode обновляет промокод","status":"passed","title":"обновляет промокод","duration":0.2297089999999571,"failureMessages":[],"meta":{}},{"ancestorTitles":["togglePromocodeActive"],"fullName":"togglePromocodeActive возвращает ошибку если нет сессии","status":"passed","title":"возвращает ошибку если нет сессии","duration":0.13358400000015536,"failureMessages":[],"meta":{}},{"ancestorTitles":["togglePromocodeActive"],"fullName":"togglePromocodeActive возвращает ошибку при невалидном UUID","status":"passed","title":"возвращает ошибку при невалидном UUID","duration":0.30912499999999454,"failureMessages":[],"meta":{}},{"ancestorTitles":["togglePromocodeActive"],"fullName":"togglePromocodeActive деактивирует промокод","status":"passed","title":"деактивирует промокод","duration":0.22125000000005457,"failureMessages":[],"meta":{}},{"ancestorTitles":["bulkCreatePromocodes"],"fullName":"bulkCreatePromocodes возвращает ошибку если нет сессии","status":"passed","title":"возвращает ошибку если нет сессии","duration":0.17675000000008367,"failureMessages":[],"meta":{}},{"ancestorTitles":["bulkCreatePromocodes"],"fullName":"bulkCreatePromocodes возвращает ошибку при count > 100","status":"passed","title":"возвращает ошибку при count > 100","duration":0.29208300000004783,"failureMessages":[],"meta":{}},{"ancestorTitles":["bulkCreatePromocodes"],"fullName":"bulkCreatePromocodes создаёт промокоды массово","status":"passed","title":"создаёт промокоды массово","duration":0.18054099999994833,"failureMessages":[],"meta":{}},{"ancestorTitles":["deletePromocode"],"fullName":"deletePromocode возвращает ошибку если нет сессии","status":"passed","title":"возвращает ошибку если нет сессии","duration":0.10337499999991451,"failureMessages":[],"meta":{}},{"ancestorTitles":["deletePromocode"],"fullName":"deletePromocode возвращает ошибку при пустом ID","status":"passed","title":"возвращает ошибку при пустом ID","duration":0.07466699999986304,"failureMessages":[],"meta":{}},{"ancestorTitles":["deletePromocode"],"fullName":"deletePromocode удаляет промокод","status":"passed","title":"удаляет промокод","duration":0.09479199999987031,"failureMessages":[],"meta":{}}],"startTime":1772432313757,"endTime":1772432313769.1033,"status":"passed","message":"","name":"/Users/leonidmolchanov/Desktop/merch-crm/tests/dashboard/promocodes.test.ts"},{"assertionResults":[{"ancestorTitles":["getTasks"],"fullName":"getTasks возвращает список задач с пагинацией","status":"passed","title":"возвращает список задач с пагинацией","duration":1.8812910000001466,"failureMessages":[],"meta":{}},{"ancestorTitles":["getTasks"],"fullName":"getTasks возвращает ошибку при сбое БД","status":"passed","title":"возвращает ошибку при сбое БД","duration":0.8991659999999229,"failureMessages":[],"meta":{}},{"ancestorTitles":["createTask"],"fullName":"createTask возвращает ошибку если нет сессии","status":"passed","title":"возвращает ошибку если нет сессии","duration":1.4672500000001492,"failureMessages":[],"meta":{}},{"ancestorTitles":["createTask"],"fullName":"createTask возвращает ошибку при пустом заголовке","status":"passed","title":"возвращает ошибку при пустом заголовке","duration":2.7474999999999454,"failureMessages":[],"meta":{}},{"ancestorTitles":["createTask"],"fullName":"createTask создаёт задачу при валидных данных","status":"passed","title":"создаёт задачу при валидных данных","duration":0.5632920000000468,"failureMessages":[],"meta":{}},{"ancestorTitles":["addTaskComment"],"fullName":"addTaskComment возвращает ошибку при пустом комментарии","status":"passed","title":"возвращает ошибку при пустом комментарии","duration":0.49270799999999326,"failureMessages":[],"meta":{}},{"ancestorTitles":["addTaskComment"],"fullName":"addTaskComment добавляет комментарий","status":"passed","title":"добавляет комментарий","duration":0.28658299999983683,"failureMessages":[],"meta":{}},{"ancestorTitles":["addTaskChecklistItem"],"fullName":"addTaskChecklistItem возвращает ошибку при пустом пункте","status":"passed","title":"возвращает ошибку при пустом пункте","duration":0.6274170000001504,"failureMessages":[],"meta":{}},{"ancestorTitles":["addTaskChecklistItem"],"fullName":"addTaskChecklistItem добавляет пункт чеклиста","status":"passed","title":"добавляет пункт чеклиста","duration":0.7702079999999114,"failureMessages":[],"meta":{}},{"ancestorTitles":["toggleChecklistItem"],"fullName":"toggleChecklistItem переключает статус пункта чеклиста","status":"passed","title":"переключает статус пункта чеклиста","duration":1.2350410000001375,"failureMessages":[],"meta":{}},{"ancestorTitles":["deleteChecklistItem"],"fullName":"deleteChecklistItem удаляет пункт чеклиста","status":"passed","title":"удаляет пункт чеклиста","duration":1.2190409999998337,"failureMessages":[],"meta":{}}],"startTime":1772432313443,"endTime":1772432313459.219,"status":"passed","message":"","name":"/Users/leonidmolchanov/Desktop/merch-crm/tests/dashboard/tasks.test.ts"},{"assertionResults":[{"ancestorTitles":["getInventoryItems"],"fullName":"getInventoryItems возвращает список товаров без фильтров","status":"passed","title":"возвращает список товаров без фильтров","duration":3.145040999999992,"failureMessages":[],"meta":{}},{"ancestorTitles":["getInventoryItems"],"fullName":"getInventoryItems возвращает ошибку при сбое БД","status":"passed","title":"возвращает ошибку при сбое БД","duration":1.019333000000188,"failureMessages":[],"meta":{}},{"ancestorTitles":["getInventoryItem"],"fullName":"getInventoryItem возвращает ошибку при невалидном UUID","status":"passed","title":"возвращает ошибку при невалидном UUID","duration":2.0042920000000777,"failureMessages":[],"meta":{}},{"ancestorTitles":["getInventoryItem"],"fullName":"getInventoryItem возвращает товар при валидном UUID","status":"passed","title":"возвращает товар при валидном UUID","duration":0.8634999999999309,"failureMessages":[],"meta":{}},{"ancestorTitles":["addInventoryItem"],"fullName":"addInventoryItem возвращает ошибку если нет сессии","status":"passed","title":"возвращает ошибку если нет сессии","duration":10.783457999999882,"failureMessages":[],"meta":{}},{"ancestorTitles":["addInventoryItem"],"fullName":"addInventoryItem возвращает ошибку если роль не имеет прав","status":"passed","title":"возвращает ошибку если роль не имеет прав","duration":0.3921250000000782,"failureMessages":[],"meta":{}},{"ancestorTitles":["addInventoryItem"],"fullName":"addInventoryItem возвращает ошибку при невалидных данных","status":"passed","title":"возвращает ошибку при невалидных данных","duration":2.2487499999999727,"failureMessages":[],"meta":{}},{"ancestorTitles":["checkDuplicateItem"],"fullName":"checkDuplicateItem возвращает null если нет дубликатов","status":"passed","title":"возвращает null если нет дубликатов","duration":0.6756669999999758,"failureMessages":[],"meta":{}},{"ancestorTitles":["checkDuplicateItem"],"fullName":"checkDuplicateItem находит дубликат по SKU","status":"passed","title":"находит дубликат по SKU","duration":0.16637500000001637,"failureMessages":[],"meta":{}},{"ancestorTitles":["getMeasurementUnits"],"fullName":"getMeasurementUnits возвращает список единиц измерения","status":"passed","title":"возвращает список единиц измерения","duration":0.6307500000000346,"failureMessages":[],"meta":{}},{"ancestorTitles":["getItemHistory"],"fullName":"getItemHistory возвращает ошибку при невалидном UUID","status":"passed","title":"возвращает ошибку при невалидном UUID","duration":0.27679200000011406,"failureMessages":[],"meta":{}},{"ancestorTitles":["getItemHistory"],"fullName":"getItemHistory возвращает историю товара","status":"passed","title":"возвращает историю товара","duration":0.6282079999998587,"failureMessages":[],"meta":{}},{"ancestorTitles":["getItemActiveOrders"],"fullName":"getItemActiveOrders возвращает ошибку при невалидном UUID","status":"passed","title":"возвращает ошибку при невалидном UUID","duration":0.27679200000011406,"failureMessages":[],"meta":{}},{"ancestorTitles":["getItemActiveOrders"],"fullName":"getItemActiveOrders возвращает активные заказы товара (исключая cancelled/shipped)","status":"passed","title":"возвращает активные заказы товара (исключая cancelled/shipped)","duration":0.22283300000003692,"failureMessages":[],"meta":{}}],"startTime":1772432313681,"endTime":1772432313704.2769,"status":"passed","message":"","name":"/Users/leonidmolchanov/Desktop/merch-crm/tests/dashboard/warehouse.test.ts"},{"assertionResults":[{"ancestorTitles":["ClientSchema"],"fullName":"ClientSchema проходит валидацию с минимальными полями","status":"passed","title":"проходит валидацию с минимальными полями","duration":1.8730000000000473,"failureMessages":[],"meta":{}},{"ancestorTitles":["ClientSchema"],"fullName":"ClientSchema проходит валидацию со всеми полями","status":"passed","title":"проходит валидацию со всеми полями","duration":0.5504160000000411,"failureMessages":[],"meta":{}},{"ancestorTitles":["ClientSchema"],"fullName":"ClientSchema отклоняет пустую фамилию","status":"passed","title":"отклоняет пустую фамилию","duration":0.64712499999996,"failureMessages":[],"meta":{}},{"ancestorTitles":["ClientSchema"],"fullName":"ClientSchema отклоняет пустое имя","status":"passed","title":"отклоняет пустое имя","duration":0.4015839999999571,"failureMessages":[],"meta":{}},{"ancestorTitles":["ClientSchema"],"fullName":"ClientSchema отклоняет пустой телефон","status":"passed","title":"отклоняет пустой телефон","duration":0.7699170000000777,"failureMessages":[],"meta":{}},{"ancestorTitles":["ClientSchema"],"fullName":"ClientSchema отклоняет некорректный email","status":"passed","title":"отклоняет некорректный email","duration":0.4944580000000087,"failureMessages":[],"meta":{}},{"ancestorTitles":["ClientSchema"],"fullName":"ClientSchema принимает пустой email (nullable)","status":"passed","title":"принимает пустой email (nullable)","duration":0.3450839999999289,"failureMessages":[],"meta":{}},{"ancestorTitles":["ClientSchema"],"fullName":"ClientSchema принимает пустой managerId и трансформирует в null","status":"passed","title":"принимает пустой managerId и трансформирует в null","duration":0.26187500000003183,"failureMessages":[],"meta":{}},{"ancestorTitles":["ClientSchema"],"fullName":"ClientSchema clientType по умолчанию b2c","status":"passed","title":"clientType по умолчанию b2c","duration":0.23870899999997164,"failureMessages":[],"meta":{}},{"ancestorTitles":["ClientSchema"],"fullName":"ClientSchema ignoreDuplicates принимает строку \"true\"","status":"passed","title":"ignoreDuplicates принимает строку \"true\"","duration":0.33237500000007003,"failureMessages":[],"meta":{}},{"ancestorTitles":["ClientUpdateSchema"],"fullName":"ClientUpdateSchema не содержит поле ignoreDuplicates","status":"passed","title":"не содержит поле ignoreDuplicates","duration":0.4637920000000122,"failureMessages":[],"meta":{}},{"ancestorTitles":["ClientFiltersSchema"],"fullName":"ClientFiltersSchema применяет значения по умолчанию","status":"passed","title":"применяет значения по умолчанию","duration":0.28683300000000145,"failureMessages":[],"meta":{}},{"ancestorTitles":["ClientFiltersSchema"],"fullName":"ClientFiltersSchema принимает корректный sortBy","status":"passed","title":"принимает корректный sortBy","duration":0.0983330000000251,"failureMessages":[],"meta":{}},{"ancestorTitles":["ClientFiltersSchema"],"fullName":"ClientFiltersSchema отклоняет неизвестный sortBy","status":"passed","title":"отклоняет неизвестный sortBy","duration":0.18779200000005858,"failureMessages":[],"meta":{}},{"ancestorTitles":["ClientFiltersSchema"],"fullName":"ClientFiltersSchema page не может быть меньше 1","status":"passed","title":"page не может быть меньше 1","duration":0.1548329999999396,"failureMessages":[],"meta":{}},{"ancestorTitles":["ClientFiltersSchema"],"fullName":"ClientFiltersSchema limit не может превышать 100","status":"passed","title":"limit не может превышать 100","duration":0.08391700000004221,"failureMessages":[],"meta":{}},{"ancestorTitles":["ClientFiltersSchema"],"fullName":"ClientFiltersSchema принимает строковые числа (coerce)","status":"passed","title":"принимает строковые числа (coerce)","duration":0.06024999999999636,"failureMessages":[],"meta":{}},{"ancestorTitles":["ClientIdSchema"],"fullName":"ClientIdSchema принимает корректный UUID","status":"passed","title":"принимает корректный UUID","duration":0.24974999999994907,"failureMessages":[],"meta":{}},{"ancestorTitles":["ClientIdSchema"],"fullName":"ClientIdSchema отклоняет некорректный ID","status":"passed","title":"отклоняет некорректный ID","duration":0.32474999999999454,"failureMessages":[],"meta":{}},{"ancestorTitles":["BulkClientsSchema"],"fullName":"BulkClientsSchema принимает массив UUID","status":"passed","title":"принимает массив UUID","duration":0.4061669999999822,"failureMessages":[],"meta":{}},{"ancestorTitles":["BulkClientsSchema"],"fullName":"BulkClientsSchema отклоняет пустой массив","status":"passed","title":"отклоняет пустой массив","duration":0.27337499999998727,"failureMessages":[],"meta":{}},{"ancestorTitles":["BulkClientsSchema"],"fullName":"BulkClientsSchema отклоняет некорректные UUID в массиве","status":"passed","title":"отклоняет некорректные UUID в массиве","duration":0.40804099999991195,"failureMessages":[],"meta":{}},{"ancestorTitles":["UpdateClientFieldSchema"],"fullName":"UpdateClientFieldSchema принимает допустимое поле managerId","status":"passed","title":"принимает допустимое поле managerId","duration":0.3110829999999396,"failureMessages":[],"meta":{}},{"ancestorTitles":["UpdateClientFieldSchema"],"fullName":"UpdateClientFieldSchema отклоняет недопустимое поле","status":"passed","title":"отклоняет недопустимое поле","duration":0.11812499999996362,"failureMessages":[],"meta":{}},{"ancestorTitles":["UpdateClientFieldSchema"],"fullName":"UpdateClientFieldSchema принимает все допустимые поля","status":"passed","title":"принимает все допустимые поля","duration":0.10391599999991286,"failureMessages":[],"meta":{}}],"startTime":1772432311999,"endTime":1772432312009.311,"status":"passed","message":"","name":"/Users/leonidmolchanov/Desktop/merch-crm/app/(main)/dashboard/clients/validation.test.ts"},{"assertionResults":[{"ancestorTitles":["WikiClient"],"fullName":"WikiClient renders sidebar with folders and pages","status":"passed","title":"renders sidebar with folders and pages","duration":76.31058300000018,"failureMessages":[],"meta":{}},{"ancestorTitles":["WikiClient"],"fullName":"WikiClient shows empty state when no page is selected","status":"passed","title":"shows empty state when no page is selected","duration":6.326833000000079,"failureMessages":[],"meta":{}},{"ancestorTitles":["WikiClient"],"fullName":"WikiClient loads and displays page content on selection","status":"passed","title":"loads and displays page content on selection","duration":61.25774999999976,"failureMessages":[],"meta":{}},{"ancestorTitles":["WikiClient"],"fullName":"WikiClient hides edit buttons for restricted roles","status":"passed","title":"hides edit buttons for restricted roles","duration":31.237666999999874,"failureMessages":[],"meta":{}},{"ancestorTitles":["WikiClient"],"fullName":"WikiClient shows edit buttons for Administrators","status":"passed","title":"shows edit buttons for Administrators","duration":37.518958999999995,"failureMessages":[],"meta":{}}],"startTime":1772432311562,"endTime":1772432311774.519,"status":"passed","message":"","name":"/Users/leonidmolchanov/Desktop/merch-crm/app/(main)/dashboard/knowledge-base/wiki-client.test.tsx"},{"assertionResults":[{"ancestorTitles":["InventoryClient"],"fullName":"InventoryClient renders top-level categories correctly","status":"passed","title":"renders top-level categories correctly","duration":128.6561670000001,"failureMessages":[],"meta":{}},{"ancestorTitles":["InventoryClient"],"fullName":"InventoryClient navigates to category detail on click","status":"passed","title":"navigates to category detail on click","duration":30.947499999999764,"failureMessages":[],"meta":{}},{"ancestorTitles":["InventoryClient"],"fullName":"InventoryClient shows subcategories for a category","status":"passed","title":"shows subcategories for a category","duration":44.528999999999996,"failureMessages":[],"meta":{}},{"ancestorTitles":["InventoryClient"],"fullName":"InventoryClient opens edit dialog when clicking pencil icon","status":"passed","title":"opens edit dialog when clicking pencil icon","duration":36.95333299999993,"failureMessages":[],"meta":{}},{"ancestorTitles":["InventoryClient"],"fullName":"InventoryClient shows description if no subcategories","status":"passed","title":"shows description if no subcategories","duration":13.411000000000058,"failureMessages":[],"meta":{}}],"startTime":1772432312157,"endTime":1772432312411.411,"status":"passed","message":"","name":"/Users/leonidmolchanov/Desktop/merch-crm/app/(main)/dashboard/warehouse/inventory-client.test.tsx"},{"assertionResults":[{"ancestorTitles":["RecentTransactionsClient"],"fullName":"RecentTransactionsClient renders nothing when transactions list is empty","status":"passed","title":"renders nothing when transactions list is empty","duration":8.976958000000195,"failureMessages":[],"meta":{}},{"ancestorTitles":["RecentTransactionsClient"],"fullName":"RecentTransactionsClient renders nothing when all transactions are filtered out (wrong type)","status":"passed","title":"renders nothing when all transactions are filtered out (wrong type)","duration":0.909874999999829,"failureMessages":[],"meta":{}},{"ancestorTitles":["RecentTransactionsClient"],"fullName":"RecentTransactionsClient renders incoming transaction with correct item name and location","status":"passed","title":"renders incoming transaction with correct item name and location","duration":81.74066599999969,"failureMessages":[],"meta":{}},{"ancestorTitles":["RecentTransactionsClient"],"fullName":"RecentTransactionsClient shows correct amount for incoming transaction","status":"passed","title":"shows correct amount for incoming transaction","duration":6.237083999999868,"failureMessages":[],"meta":{}},{"ancestorTitles":["RecentTransactionsClient"],"fullName":"RecentTransactionsClient renders transfer transaction with from/to locations","status":"passed","title":"renders transfer transaction with from/to locations","duration":13.645708000000013,"failureMessages":[],"meta":{}},{"ancestorTitles":["RecentTransactionsClient"],"fullName":"RecentTransactionsClient shows creator initials when no avatar","status":"passed","title":"shows creator initials when no avatar","duration":3.81054099999983,"failureMessages":[],"meta":{}},{"ancestorTitles":["RecentTransactionsClient"],"fullName":"RecentTransactionsClient shows creator avatar image when avatar URL provided","status":"passed","title":"shows creator avatar image when avatar URL provided","duration":2.569999999999709,"failureMessages":[],"meta":{}},{"ancestorTitles":["RecentTransactionsClient"],"fullName":"RecentTransactionsClient renders without creator section when creator is null","status":"passed","title":"renders without creator section when creator is null","duration":6.653082999999697,"failureMessages":[],"meta":{}},{"ancestorTitles":["RecentTransactionsClient"],"fullName":"RecentTransactionsClient renders multiple transactions","status":"passed","title":"renders multiple transactions","duration":13.846207999999933,"failureMessages":[],"meta":{}},{"ancestorTitles":["RecentTransactionsClient"],"fullName":"RecentTransactionsClient shows fallback item name when item is null","status":"passed","title":"shows fallback item name when item is null","duration":2.186833000000206,"failureMessages":[],"meta":{}},{"ancestorTitles":["RecentTransactionsClient"],"fullName":"RecentTransactionsClient shows fallback location when storageLocation is null","status":"passed","title":"shows fallback location when storageLocation is null","duration":1.7502919999997175,"failureMessages":[],"meta":{}},{"ancestorTitles":["RecentTransactionsClient"],"fullName":"RecentTransactionsClient does not show pagination when 5 or fewer transactions","status":"passed","title":"does not show pagination when 5 or fewer transactions","duration":6.7909169999998085,"failureMessages":[],"meta":{}},{"ancestorTitles":["RecentTransactionsClient"],"fullName":"RecentTransactionsClient shows pagination when more than 5 transactions","status":"passed","title":"shows pagination when more than 5 transactions","duration":8.138999999999669,"failureMessages":[],"meta":{}},{"ancestorTitles":["RecentTransactionsClient"],"fullName":"RecentTransactionsClient navigates to next page when pagination is used","status":"passed","title":"navigates to next page when pagination is used","duration":155.27837500000032,"failureMessages":[],"meta":{}}],"startTime":1772432313167,"endTime":1772432313479.2783,"status":"passed","message":"","name":"/Users/leonidmolchanov/Desktop/merch-crm/app/(main)/dashboard/warehouse/recent-transactions.test.tsx"},{"assertionResults":[{"ancestorTitles":["KanbanBoard"],"fullName":"KanbanBoard renders columns and tasks correctly","status":"passed","title":"renders columns and tasks correctly","duration":72.39387500000021,"failureMessages":[],"meta":{}},{"ancestorTitles":["KanbanBoard"],"fullName":"KanbanBoard opens task details dialog when a task card is clicked","status":"passed","title":"opens task details dialog when a task card is clicked","duration":26.354958999999326,"failureMessages":[],"meta":{}},{"ancestorTitles":["KanbanBoard"],"fullName":"KanbanBoard handles drag and drop correctly","status":"passed","title":"handles drag and drop correctly","duration":42.13237500000014,"failureMessages":[],"meta":{}},{"ancestorTitles":["KanbanBoard"],"fullName":"KanbanBoard plays sound when dropping a task to \"done\"","status":"passed","title":"plays sound when dropping a task to \"done\"","duration":16.136124999999993,"failureMessages":[],"meta":{}},{"ancestorTitles":["KanbanBoard"],"fullName":"KanbanBoard shows priority pill and type badge","status":"passed","title":"shows priority pill and type badge","duration":16.372292000000016,"failureMessages":[],"meta":{}}],"startTime":1772432313663,"endTime":1772432313836.3723,"status":"passed","message":"","name":"/Users/leonidmolchanov/Desktop/merch-crm/app/(main)/dashboard/tasks/kanban-board.test.tsx"},{"assertionResults":[{"ancestorTitles":["ClientFilterPanel"],"fullName":"ClientFilterPanel поиск клиента: ввод текста вызывает setFilters на каждую букву","status":"passed","title":"поиск клиента: ввод текста вызывает setFilters на каждую букву","duration":324.3750419999999,"failureMessages":[],"meta":{}},{"ancestorTitles":["ClientFilterPanel"],"fullName":"ClientFilterPanel поиск клиента: Enter добавляет запрос в историю","status":"passed","title":"поиск клиента: Enter добавляет запрос в историю","duration":51.52470799999992,"failureMessages":[],"meta":{}},{"ancestorTitles":["ClientFilterPanel"],"fullName":"ClientFilterPanel поиск клиента: фокус на поле открывает историю","status":"passed","title":"поиск клиента: фокус на поле открывает историю","duration":36.6592499999997,"failureMessages":[],"meta":{}},{"ancestorTitles":["ClientFilterPanel"],"fullName":"ClientFilterPanel кнопка «Фильтры» переключает панель","status":"passed","title":"кнопка «Фильтры» переключает панель","duration":32.95120799999995,"failureMessages":[],"meta":{}},{"ancestorTitles":["ClientFilterPanel"],"fullName":"ClientFilterPanel выбор фильтра «Статус» вызывает setFilters","status":"passed","title":"выбор фильтра «Статус» вызывает setFilters","duration":25.413833000000068,"failureMessages":[],"meta":{}},{"ancestorTitles":["ClientFilterPanel"],"fullName":"ClientFilterPanel выбор фильтра «Период» вызывает setFilters","status":"passed","title":"выбор фильтра «Период» вызывает setFilters","duration":11.700624999999945,"failureMessages":[],"meta":{}},{"ancestorTitles":["ClientFilterPanel"],"fullName":"ClientFilterPanel выбор фильтра «Регион» с доступными городами","status":"passed","title":"выбор фильтра «Регион» с доступными городами","duration":39.00849999999991,"failureMessages":[],"meta":{}},{"ancestorTitles":["ClientFilterPanel"],"fullName":"ClientFilterPanel кнопка «Сбросить фильтры» вызывает setFilters с начальными значениями","status":"passed","title":"кнопка «Сбросить фильтры» вызывает setFilters с начальными значениями","duration":164.05299999999988,"failureMessages":[],"meta":{}},{"ancestorTitles":["ClientFilterPanel"],"fullName":"ClientFilterPanel активный фильтр «Период» показывает чип с кнопкой удаления","status":"passed","title":"активный фильтр «Период» показывает чип с кнопкой удаления","duration":37.201500000000124,"failureMessages":[],"meta":{}},{"ancestorTitles":["ClientFilterPanel"],"fullName":"ClientFilterPanel чип «Архив» отображается при showArchived: true","status":"passed","title":"чип «Архив» отображается при showArchived: true","duration":3.800832999999784,"failureMessages":[],"meta":{}},{"ancestorTitles":["ClientFilterPanel"],"fullName":"ClientFilterPanel переключатель «Показать архив» вызывает setFilters","status":"passed","title":"переключатель «Показать архив» вызывает setFilters","duration":80.96608399999968,"failureMessages":[],"meta":{}},{"ancestorTitles":["ClientFilterPanel"],"fullName":"ClientFilterPanel история поиска: клик по элементу истории заполняет поиск","status":"passed","title":"история поиска: клик по элементу истории заполняет поиск","duration":36.48708399999987,"failureMessages":[],"meta":{}},{"ancestorTitles":["ClientFilterPanel"],"fullName":"ClientFilterPanel история поиска: кнопка «Очистить» очищает историю","status":"passed","title":"история поиска: кнопка «Очистить» очищает историю","duration":85.79129199999988,"failureMessages":[],"meta":{}}],"startTime":1772432311281,"endTime":1772432312211.7913,"status":"passed","message":"","name":"/Users/leonidmolchanov/Desktop/merch-crm/app/(main)/dashboard/clients/components/client-filter-panel.test.tsx"},{"assertionResults":[{"ancestorTitles":["CreateOrderPageClient"],"fullName":"CreateOrderPageClient flows through all steps to create an order","status":"passed","title":"flows through all steps to create an order","duration":482.7874159999999,"failureMessages":[],"meta":{}},{"ancestorTitles":["CreateOrderPageClient"],"fullName":"CreateOrderPageClient shows validation error if no client selected","status":"passed","title":"shows validation error if no client selected","duration":16.156749999999647,"failureMessages":[],"meta":{}},{"ancestorTitles":["CreateOrderPageClient"],"fullName":"CreateOrderPageClient applies promocode correctly","status":"passed","title":"applies promocode correctly","duration":398.13062500000024,"failureMessages":[],"meta":{}}],"startTime":1772432311445,"endTime":1772432312342.1306,"status":"passed","message":"","name":"/Users/leonidmolchanov/Desktop/merch-crm/app/(main)/dashboard/orders/new/page-client.test.tsx"},{"assertionResults":[{"ancestorTitles":["transliterateToSlug"],"fullName":"transliterateToSlug correctly transliterates Russian to Latin","status":"passed","title":"correctly transliterates Russian to Latin","duration":1.5920830000000024,"failureMessages":[],"meta":{}},{"ancestorTitles":["transliterateToSlug"],"fullName":"transliterateToSlug ignores special characters and leaves numbers/dashes","status":"passed","title":"ignores special characters and leaves numbers/dashes","duration":0.34591599999998834,"failureMessages":[],"meta":{}},{"ancestorTitles":["useAddAttributeType"],"fullName":"useAddAttributeType initializes with default values","status":"passed","title":"initializes with default values","duration":12.535415999999941,"failureMessages":[],"meta":{}},{"ancestorTitles":["useAddAttributeType"],"fullName":"useAddAttributeType name updates automatically when dataType changes","status":"passed","title":"name updates automatically when dataType changes","duration":1.8400409999999283,"failureMessages":[],"meta":{}},{"ancestorTitles":["useAddAttributeType"],"fullName":"useAddAttributeType handleOpen resets state properly","status":"passed","title":"handleOpen resets state properly","duration":2.88025000000016,"failureMessages":[],"meta":{}},{"ancestorTitles":["useAddAttributeType"],"fullName":"useAddAttributeType handleCreate calls createInventoryAttributeType with auto-derived name","status":"passed","title":"handleCreate calls createInventoryAttributeType with auto-derived name","duration":2.1647080000000187,"failureMessages":[],"meta":{}},{"ancestorTitles":["useAddAttributeType"],"fullName":"useAddAttributeType handleCreate succeeds and calls router.refresh()","status":"passed","title":"handleCreate succeeds and calls router.refresh()","duration":3.331625000000031,"failureMessages":[],"meta":{}},{"ancestorTitles":["useAddAttributeType"],"fullName":"useAddAttributeType handleCreate fails and shows error toast","status":"passed","title":"handleCreate fails and shows error toast","duration":7.831709000000046,"failureMessages":[],"meta":{}}],"startTime":1772432311057,"endTime":1772432311089.8318,"status":"passed","message":"","name":"/Users/leonidmolchanov/Desktop/merch-crm/app/(main)/dashboard/warehouse/hooks/use-add-attribute-type.test.ts"},{"assertionResults":[{"ancestorTitles":["useAddStorageLocation"],"fullName":"useAddStorageLocation should initialize with default values","status":"passed","title":"should initialize with default values","duration":11.53758300000004,"failureMessages":[],"meta":{}},{"ancestorTitles":["useAddStorageLocation"],"fullName":"useAddStorageLocation should respect controlled isOpen prop","status":"passed","title":"should respect controlled isOpen prop","duration":0.7462919999998121,"failureMessages":[],"meta":{}},{"ancestorTitles":["useAddStorageLocation"],"fullName":"useAddStorageLocation should toggle isOpen state","status":"passed","title":"should toggle isOpen state","duration":1.7552910000001702,"failureMessages":[],"meta":{}},{"ancestorTitles":["useAddStorageLocation"],"fullName":"useAddStorageLocation should call onOpenChange when provided","status":"passed","title":"should call onOpenChange when provided","duration":1.0862499999998363,"failureMessages":[],"meta":{}},{"ancestorTitles":["useAddStorageLocation"],"fullName":"useAddStorageLocation should clear specific field error","status":"passed","title":"should clear specific field error","duration":1.9547919999999976,"failureMessages":[],"meta":{}},{"ancestorTitles":["useAddStorageLocation"],"fullName":"useAddStorageLocation should validate name and address in handleSubmit","status":"passed","title":"should validate name and address in handleSubmit","duration":0.8932920000002014,"failureMessages":[],"meta":{}},{"ancestorTitles":["useAddStorageLocation"],"fullName":"useAddStorageLocation should show error on short name or address","status":"passed","title":"should show error on short name or address","duration":4.1074160000000575,"failureMessages":[],"meta":{}},{"ancestorTitles":["useAddStorageLocation"],"fullName":"useAddStorageLocation should handle successful submission","status":"passed","title":"should handle successful submission","duration":1.578375000000051,"failureMessages":[],"meta":{}},{"ancestorTitles":["useAddStorageLocation"],"fullName":"useAddStorageLocation should handle failed submission","status":"passed","title":"should handle failed submission","duration":1.3440839999998389,"failureMessages":[],"meta":{}}],"startTime":1772432311025,"endTime":1772432311050.344,"status":"passed","message":"","name":"/Users/leonidmolchanov/Desktop/merch-crm/app/(main)/dashboard/warehouse/hooks/use-add-storage-location.test.ts"},{"assertionResults":[{"ancestorTitles":["useAdjustStock"],"fullName":"useAdjustStock initializes with default values based on item","status":"passed","title":"initializes with default values based on item","duration":22.177167000000054,"failureMessages":[],"meta":{}},{"ancestorTitles":["useAdjustStock"],"fullName":"useAdjustStock sets initial amount to item quantity when type is \"set\"","status":"passed","title":"sets initial amount to item quantity when type is \"set\"","duration":27.38387499999999,"failureMessages":[],"meta":{}},{"ancestorTitles":["useAdjustStock"],"fullName":"useAdjustStock selects first location if item has no storageLocationId","status":"passed","title":"selects first location if item has no storageLocationId","duration":25.607917000000043,"failureMessages":[],"meta":{}},{"ancestorTitles":["useAdjustStock"],"fullName":"useAdjustStock handles successful submission (replenish)","status":"passed","title":"handles successful submission (replenish)","duration":8.523957999999993,"failureMessages":[],"meta":{}},{"ancestorTitles":["useAdjustStock"],"fullName":"useAdjustStock handles successful submission (set)","status":"passed","title":"handles successful submission (set)","duration":1.5226249999998345,"failureMessages":[],"meta":{}},{"ancestorTitles":["useAdjustStock"],"fullName":"useAdjustStock shows error on failed submission","status":"passed","title":"shows error on failed submission","duration":4.68183299999987,"failureMessages":[],"meta":{}},{"ancestorTitles":["useAdjustStock"],"fullName":"useAdjustStock prevents submission if amount is zero or negative","status":"passed","title":"prevents submission if amount is zero or negative","duration":0.9985420000000431,"failureMessages":[],"meta":{}}],"startTime":1772432312811,"endTime":1772432312901.9985,"status":"passed","message":"","name":"/Users/leonidmolchanov/Desktop/merch-crm/app/(main)/dashboard/warehouse/hooks/use-adjust-stock.test.ts"},{"assertionResults":[{"ancestorTitles":["Warehouse Characteristic Helpers","getColorHex"],"fullName":"Warehouse Characteristic Helpers getColorHex returns hex color if meta has hex","status":"passed","title":"returns hex color if meta has hex","duration":0.5114579999999478,"failureMessages":[],"meta":{}},{"ancestorTitles":["Warehouse Characteristic Helpers","getColorHex"],"fullName":"Warehouse Characteristic Helpers getColorHex returns default color if meta is null","status":"passed","title":"returns default color if meta is null","duration":0.09029199999997672,"failureMessages":[],"meta":{}},{"ancestorTitles":["Warehouse Characteristic Helpers","getColorHex"],"fullName":"Warehouse Characteristic Helpers getColorHex returns default color if meta has no hex","status":"passed","title":"returns default color if meta has no hex","duration":2.1311249999999973,"failureMessages":[],"meta":{}},{"ancestorTitles":["Warehouse Characteristic Helpers","transliterateToSku"],"fullName":"Warehouse Characteristic Helpers transliterateToSku transliterates correctly and returns up to 3 chars","status":"passed","title":"transliterates correctly and returns up to 3 chars","duration":1.4784160000000384,"failureMessages":[],"meta":{}},{"ancestorTitles":["Warehouse Characteristic Helpers","transliterateToSku"],"fullName":"Warehouse Characteristic Helpers transliterateToSku handles spaces and ignores non-alphanumeric chars","status":"passed","title":"handles spaces and ignores non-alphanumeric chars","duration":0.17879099999993286,"failureMessages":[],"meta":{}},{"ancestorTitles":["Warehouse Characteristic Helpers","sortAttributeValues"],"fullName":"Warehouse Characteristic Helpers sortAttributeValues sorts pure numeric types correctly (e.g. density, quantity)","status":"passed","title":"sorts pure numeric types correctly (e.g. density, quantity)","duration":0.6383329999999887,"failureMessages":[],"meta":{}},{"ancestorTitles":["Warehouse Characteristic Helpers","sortAttributeValues"],"fullName":"Warehouse Characteristic Helpers sortAttributeValues sorts numeric types with trailing strings","status":"passed","title":"sorts numeric types with trailing strings","duration":0.28545900000005986,"failureMessages":[],"meta":{}},{"ancestorTitles":["Warehouse Characteristic Helpers","sortAttributeValues"],"fullName":"Warehouse Characteristic Helpers sortAttributeValues sorts units and clothing sizes correctly","status":"passed","title":"sorts units and clothing sizes correctly","duration":1.6510419999999613,"failureMessages":[],"meta":{}},{"ancestorTitles":["Warehouse Characteristic Helpers","sortAttributeValues"],"fullName":"Warehouse Characteristic Helpers sortAttributeValues sorts general text types alphabetically","status":"passed","title":"sorts general text types alphabetically","duration":16.82091700000001,"failureMessages":[],"meta":{}}],"startTime":1772432311920,"endTime":1772432311956.8208,"status":"passed","message":"","name":"/Users/leonidmolchanov/Desktop/merch-crm/app/(main)/dashboard/warehouse/hooks/use-warehouse-characteristic.test.ts"},{"assertionResults":[{"ancestorTitles":["useCategoryDetail"],"fullName":"useCategoryDetail initializes state correctly","status":"pending","title":"initializes state correctly","failureMessages":[],"meta":{}},{"ancestorTitles":["useCategoryDetail"],"fullName":"useCategoryDetail sets breadcrumbs on mount","status":"pending","title":"sets breadcrumbs on mount","failureMessages":[],"meta":{}},{"ancestorTitles":["useCategoryDetail"],"fullName":"useCategoryDetail toggles item selection","status":"pending","title":"toggles item selection","failureMessages":[],"meta":{}},{"ancestorTitles":["useCategoryDetail"],"fullName":"useCategoryDetail toggles select all","status":"pending","title":"toggles select all","failureMessages":[],"meta":{}},{"ancestorTitles":["useCategoryDetail"],"fullName":"useCategoryDetail updates URL when filters change","status":"pending","title":"updates URL when filters change","failureMessages":[],"meta":{}},{"ancestorTitles":["useCategoryDetail"],"fullName":"useCategoryDetail handles item deletion","status":"pending","title":"handles item deletion","failureMessages":[],"meta":{}},{"ancestorTitles":["useCategoryDetail"],"fullName":"useCategoryDetail handles category deletion","status":"pending","title":"handles category deletion","failureMessages":[],"meta":{}},{"ancestorTitles":["useCategoryDetail"],"fullName":"useCategoryDetail fetches stocks when opening adjust dialog","status":"pending","title":"fetches stocks when opening adjust dialog","failureMessages":[],"meta":{}}],"startTime":1772432309498,"endTime":1772432309498,"status":"passed","message":"","name":"/Users/leonidmolchanov/Desktop/merch-crm/app/(main)/dashboard/warehouse/categories/[id]/hooks/use-category-detail.test.ts"}]}